  AddBookClass.cpp
  adLoginClass.cpp
  administratorClass.cpp
  bookinfoClass.cpp
  DeleteBookClass.cpp
  requestClass.cpp
  returnBookClass.cpp
  selectClass.cpp
C:\Users\KOSTA\Desktop\git_library\Library_project (3) (1)\requestClass.cpp(1,1): warning C4828: 파일에 0x3b6 오프셋에서 시작하는 문자가 포함되어 있습니다. 이 문자는 현재 원본 문자 집합에서 잘못된 문자입니다(코드 페이지 65001).
C:\Users\KOSTA\Desktop\git_library\Library_project (3) (1)\requestClass.cpp(1,1): warning C4828: 파일에 0x3b7 오프셋에서 시작하는 문자가 포함되어 있습니다. 이 문자는 현재 원본 문자 집합에서 잘못된 문자입니다(코드 페이지 65001).
C:\Users\KOSTA\Desktop\git_library\Library_project (3) (1)\requestClass.cpp(1,1): warning C4828: 파일에 0x3bb 오프셋에서 시작하는 문자가 포함되어 있습니다. 이 문자는 현재 원본 문자 집합에서 잘못된 문자입니다(코드 페이지 65001).
C:\Users\KOSTA\Desktop\git_library\Library_project (3) (1)\AddBookClass.cpp(1,1): warning C4828: 파일에 0x6b2 오프셋에서 시작하는 문자가 포함되어 있습니다. 이 문자는 현재 원본 문자 집합에서 잘못된 문자입니다(코드 페이지 65001).
C:\Users\KOSTA\Desktop\git_library\Library_project (3) (1)\returnBookClass.cpp(1,1): warning C4828: 파일에 0x306 오프셋에서 시작하는 문자가 포함되어 있습니다. 이 문자는 현재 원본 문자 집합에서 잘못된 문자입니다(코드 페이지 65001).
C:\Users\KOSTA\Desktop\git_library\Library_project (3) (1)\requestClass.cpp(1,1): warning C4828: 파일에 0x3bc 오프셋에서 시작하는 문자가 포함되어 있습니다. 이 문자는 현재 원본 문자 집합에서 잘못된 문자입니다(코드 페이지 65001).
C:\Users\KOSTA\Desktop\git_library\Library_project (3) (1)\AddBookClass.cpp(1,1): warning C4828: 파일에 0x6b3 오프셋에서 시작하는 문자가 포함되어 있습니다. 이 문자는 현재 원본 문자 집합에서 잘못된 문자입니다(코드 페이지 65001).
C:\Users\KOSTA\Desktop\git_library\Library_project (3) (1)\bookinfoClass.cpp(1,1): warning C4828: 파일에 0x450 오프셋에서 시작하는 문자가 포함되어 있습니다. 이 문자는 현재 원본 문자 집합에서 잘못된 문자입니다(코드 페이지 65001).
C:\Users\KOSTA\Desktop\git_library\Library_project (3) (1)\requestClass.cpp(1,1): warning C4828: 파일에 0x3bd 오프셋에서 시작하는 문자가 포함되어 있습니다. 이 문자는 현재 원본 문자 집합에서 잘못된 문자입니다(코드 페이지 65001).
C:\Users\KOSTA\Desktop\git_library\Library_project (3) (1)\requestClass.cpp(1,1): warning C4828: 파일에 0x3be 오프셋에서 시작하는 문자가 포함되어 있습니다. 이 문자는 현재 원본 문자 집합에서 잘못된 문자입니다(코드 페이지 65001).
C:\Users\KOSTA\Desktop\git_library\Library_project (3) (1)\returnBookClass.cpp(1,1): warning C4828: 파일에 0x307 오프셋에서 시작하는 문자가 포함되어 있습니다. 이 문자는 현재 원본 문자 집합에서 잘못된 문자입니다(코드 페이지 65001).
C:\Users\KOSTA\Desktop\git_library\Library_project (3) (1)\AddBookClass.cpp(1,1): warning C4828: 파일에 0x6b7 오프셋에서 시작하는 문자가 포함되어 있습니다. 이 문자는 현재 원본 문자 집합에서 잘못된 문자입니다(코드 페이지 65001).
C:\Users\KOSTA\Desktop\git_library\Library_project (3) (1)\bookinfoClass.cpp(1,1): warning C4828: 파일에 0x451 오프셋에서 시작하는 문자가 포함되어 있습니다. 이 문자는 현재 원본 문자 집합에서 잘못된 문자입니다(코드 페이지 65001).
C:\Users\KOSTA\Desktop\git_library\Library_project (3) (1)\returnBookClass.cpp(1,1): warning C4828: 파일에 0x309 오프셋에서 시작하는 문자가 포함되어 있습니다. 이 문자는 현재 원본 문자 집합에서 잘못된 문자입니다(코드 페이지 65001).
C:\Users\KOSTA\Desktop\git_library\Library_project (3) (1)\AddBookClass.cpp(1,1): warning C4828: 파일에 0x6b8 오프셋에서 시작하는 문자가 포함되어 있습니다. 이 문자는 현재 원본 문자 집합에서 잘못된 문자입니다(코드 페이지 65001).
C:\Users\KOSTA\Desktop\git_library\Library_project (3) (1)\DeleteBookClass.cpp(1,1): warning C4828: 파일에 0x91d 오프셋에서 시작하는 문자가 포함되어 있습니다. 이 문자는 현재 원본 문자 집합에서 잘못된 문자입니다(코드 페이지 65001).
C:\Users\KOSTA\Desktop\git_library\Library_project (3) (1)\bookinfoClass.cpp(1,1): warning C4828: 파일에 0x452 오프셋에서 시작하는 문자가 포함되어 있습니다. 이 문자는 현재 원본 문자 집합에서 잘못된 문자입니다(코드 페이지 65001).
C:\Users\KOSTA\Desktop\git_library\Library_project (3) (1)\AddBookClass.cpp(1,1): warning C4828: 파일에 0x6b9 오프셋에서 시작하는 문자가 포함되어 있습니다. 이 문자는 현재 원본 문자 집합에서 잘못된 문자입니다(코드 페이지 65001).
C:\Users\KOSTA\Desktop\git_library\Library_project (3) (1)\DeleteBookClass.cpp(1,1): warning C4828: 파일에 0x920 오프셋에서 시작하는 문자가 포함되어 있습니다. 이 문자는 현재 원본 문자 집합에서 잘못된 문자입니다(코드 페이지 65001).
C:\Users\KOSTA\Desktop\git_library\Library_project (3) (1)\bookinfoClass.cpp(1,1): warning C4828: 파일에 0x453 오프셋에서 시작하는 문자가 포함되어 있습니다. 이 문자는 현재 원본 문자 집합에서 잘못된 문자입니다(코드 페이지 65001).
C:\Users\KOSTA\Desktop\git_library\Library_project (3) (1)\returnBookClass.cpp(1,1): warning C4828: 파일에 0x30a 오프셋에서 시작하는 문자가 포함되어 있습니다. 이 문자는 현재 원본 문자 집합에서 잘못된 문자입니다(코드 페이지 65001).
C:\Users\KOSTA\Desktop\git_library\Library_project (3) (1)\returnBookClass.cpp(1,1): warning C4828: 파일에 0x30b 오프셋에서 시작하는 문자가 포함되어 있습니다. 이 문자는 현재 원본 문자 집합에서 잘못된 문자입니다(코드 페이지 65001).
C:\Users\KOSTA\Desktop\git_library\Library_project (3) (1)\AddBookClass.cpp(1,1): warning C4828: 파일에 0x6ba 오프셋에서 시작하는 문자가 포함되어 있습니다. 이 문자는 현재 원본 문자 집합에서 잘못된 문자입니다(코드 페이지 65001).
C:\Users\KOSTA\Desktop\git_library\Library_project (3) (1)\returnBookClass.cpp(1,1): warning C4828: 파일에 0x30c 오프셋에서 시작하는 문자가 포함되어 있습니다. 이 문자는 현재 원본 문자 집합에서 잘못된 문자입니다(코드 페이지 65001).
C:\Users\KOSTA\Desktop\git_library\Library_project (3) (1)\returnBookClass.cpp(1,1): warning C4828: 파일에 0x30e 오프셋에서 시작하는 문자가 포함되어 있습니다. 이 문자는 현재 원본 문자 집합에서 잘못된 문자입니다(코드 페이지 65001).
C:\Users\KOSTA\Desktop\git_library\Library_project (3) (1)\returnBookClass.cpp(1,1): warning C4828: 파일에 0x30f 오프셋에서 시작하는 문자가 포함되어 있습니다. 이 문자는 현재 원본 문자 집합에서 잘못된 문자입니다(코드 페이지 65001).
C:\Users\KOSTA\Desktop\git_library\Library_project (3) (1)\returnBookClass.cpp(1,1): warning C4828: 파일에 0x310 오프셋에서 시작하는 문자가 포함되어 있습니다. 이 문자는 현재 원본 문자 집합에서 잘못된 문자입니다(코드 페이지 65001).
C:\Users\KOSTA\Desktop\git_library\Library_project (3) (1)\returnBookClass.cpp(1,1): warning C4828: 파일에 0x311 오프셋에서 시작하는 문자가 포함되어 있습니다. 이 문자는 현재 원본 문자 집합에서 잘못된 문자입니다(코드 페이지 65001).
C:\Users\KOSTA\Desktop\git_library\Library_project (3) (1)\returnBookClass.cpp(1,1): warning C4828: 파일에 0x313 오프셋에서 시작하는 문자가 포함되어 있습니다. 이 문자는 현재 원본 문자 집합에서 잘못된 문자입니다(코드 페이지 65001).
C:\Users\KOSTA\Desktop\git_library\Library_project (3) (1)\returnBookClass.cpp(1,1): warning C4828: 파일에 0x315 오프셋에서 시작하는 문자가 포함되어 있습니다. 이 문자는 현재 원본 문자 집합에서 잘못된 문자입니다(코드 페이지 65001).
C:\Users\KOSTA\Desktop\git_library\Library_project (3) (1)\returnBookClass.cpp(1,1): warning C4828: 파일에 0x317 오프셋에서 시작하는 문자가 포함되어 있습니다. 이 문자는 현재 원본 문자 집합에서 잘못된 문자입니다(코드 페이지 65001).
C:\Users\KOSTA\Desktop\git_library\Library_project (3) (1)\returnBookClass.cpp(1,1): warning C4828: 파일에 0x318 오프셋에서 시작하는 문자가 포함되어 있습니다. 이 문자는 현재 원본 문자 집합에서 잘못된 문자입니다(코드 페이지 65001).
C:\Users\KOSTA\Desktop\git_library\Library_project (3) (1)\returnBookClass.cpp(1,1): warning C4828: 파일에 0x31a 오프셋에서 시작하는 문자가 포함되어 있습니다. 이 문자는 현재 원본 문자 집합에서 잘못된 문자입니다(코드 페이지 65001).
C:\Users\KOSTA\Desktop\git_library\Library_project (3) (1)\returnBookClass.cpp(1,1): warning C4828: 파일에 0x31b 오프셋에서 시작하는 문자가 포함되어 있습니다. 이 문자는 현재 원본 문자 집합에서 잘못된 문자입니다(코드 페이지 65001).
C:\Users\KOSTA\Desktop\git_library\Library_project (3) (1)\returnBookClass.cpp(1,1): warning C4828: 파일에 0x31c 오프셋에서 시작하는 문자가 포함되어 있습니다. 이 문자는 현재 원본 문자 집합에서 잘못된 문자입니다(코드 페이지 65001).
C:\Users\KOSTA\Desktop\git_library\Library_project (3) (1)\returnBookClass.cpp(1,1): warning C4828: 파일에 0x31f 오프셋에서 시작하는 문자가 포함되어 있습니다. 이 문자는 현재 원본 문자 집합에서 잘못된 문자입니다(코드 페이지 65001).
C:\Users\KOSTA\Desktop\git_library\Library_project (3) (1)\returnBookClass.cpp(1,1): warning C4828: 파일에 0x320 오프셋에서 시작하는 문자가 포함되어 있습니다. 이 문자는 현재 원본 문자 집합에서 잘못된 문자입니다(코드 페이지 65001).
C:\Users\KOSTA\Desktop\git_library\Library_project (3) (1)\returnBookClass.cpp(1,1): warning C4828: 파일에 0x321 오프셋에서 시작하는 문자가 포함되어 있습니다. 이 문자는 현재 원본 문자 집합에서 잘못된 문자입니다(코드 페이지 65001).
C:\Users\KOSTA\Desktop\git_library\Library_project (3) (1)\returnBookClass.cpp(1,1): warning C4828: 파일에 0x329 오프셋에서 시작하는 문자가 포함되어 있습니다. 이 문자는 현재 원본 문자 집합에서 잘못된 문자입니다(코드 페이지 65001).
C:\Users\KOSTA\Desktop\git_library\Library_project (3) (1)\returnBookClass.cpp(1,1): warning C4828: 파일에 0x32a 오프셋에서 시작하는 문자가 포함되어 있습니다. 이 문자는 현재 원본 문자 집합에서 잘못된 문자입니다(코드 페이지 65001).
C:\Users\KOSTA\Desktop\git_library\Library_project (3) (1)\returnBookClass.cpp(1,1): warning C4828: 파일에 0x32b 오프셋에서 시작하는 문자가 포함되어 있습니다. 이 문자는 현재 원본 문자 집합에서 잘못된 문자입니다(코드 페이지 65001).
C:\Users\KOSTA\Desktop\git_library\Library_project (3) (1)\returnBookClass.cpp(1,1): warning C4828: 파일에 0x32c 오프셋에서 시작하는 문자가 포함되어 있습니다. 이 문자는 현재 원본 문자 집합에서 잘못된 문자입니다(코드 페이지 65001).
C:\Users\KOSTA\Desktop\git_library\Library_project (3) (1)\returnBookClass.cpp(1,1): warning C4828: 파일에 0x32e 오프셋에서 시작하는 문자가 포함되어 있습니다. 이 문자는 현재 원본 문자 집합에서 잘못된 문자입니다(코드 페이지 65001).
C:\Users\KOSTA\Desktop\git_library\Library_project (3) (1)\returnBookClass.cpp(1,1): warning C4828: 파일에 0x32f 오프셋에서 시작하는 문자가 포함되어 있습니다. 이 문자는 현재 원본 문자 집합에서 잘못된 문자입니다(코드 페이지 65001).
C:\Users\KOSTA\Desktop\git_library\Library_project (3) (1)\returnBookClass.cpp(1,1): warning C4828: 파일에 0x333 오프셋에서 시작하는 문자가 포함되어 있습니다. 이 문자는 현재 원본 문자 집합에서 잘못된 문자입니다(코드 페이지 65001).
C:\Users\KOSTA\Desktop\git_library\Library_project (3) (1)\returnBookClass.cpp(1,1): warning C4828: 파일에 0x341 오프셋에서 시작하는 문자가 포함되어 있습니다. 이 문자는 현재 원본 문자 집합에서 잘못된 문자입니다(코드 페이지 65001).
C:\Users\KOSTA\Desktop\git_library\Library_project (3) (1)\returnBookClass.cpp(1,1): warning C4828: 파일에 0x344 오프셋에서 시작하는 문자가 포함되어 있습니다. 이 문자는 현재 원본 문자 집합에서 잘못된 문자입니다(코드 페이지 65001).
C:\Users\KOSTA\Desktop\git_library\Library_project (3) (1)\returnBookClass.cpp(1,1): warning C4828: 파일에 0x345 오프셋에서 시작하는 문자가 포함되어 있습니다. 이 문자는 현재 원본 문자 집합에서 잘못된 문자입니다(코드 페이지 65001).
C:\Users\KOSTA\Desktop\git_library\Library_project (3) (1)\returnBookClass.cpp(1,1): warning C4828: 파일에 0x346 오프셋에서 시작하는 문자가 포함되어 있습니다. 이 문자는 현재 원본 문자 집합에서 잘못된 문자입니다(코드 페이지 65001).
C:\Users\KOSTA\Desktop\git_library\Library_project (3) (1)\returnBookClass.cpp(1,1): warning C4828: 파일에 0x349 오프셋에서 시작하는 문자가 포함되어 있습니다. 이 문자는 현재 원본 문자 집합에서 잘못된 문자입니다(코드 페이지 65001).
C:\Users\KOSTA\Desktop\git_library\Library_project (3) (1)\returnBookClass.cpp(1,1): warning C4828: 파일에 0x34f 오프셋에서 시작하는 문자가 포함되어 있습니다. 이 문자는 현재 원본 문자 집합에서 잘못된 문자입니다(코드 페이지 65001).
C:\Users\KOSTA\Desktop\git_library\Library_project (3) (1)\returnBookClass.cpp(1,1): warning C4828: 파일에 0x350 오프셋에서 시작하는 문자가 포함되어 있습니다. 이 문자는 현재 원본 문자 집합에서 잘못된 문자입니다(코드 페이지 65001).
C:\Users\KOSTA\Desktop\git_library\Library_project (3) (1)\returnBookClass.cpp(1,1): warning C4828: 파일에 0x351 오프셋에서 시작하는 문자가 포함되어 있습니다. 이 문자는 현재 원본 문자 집합에서 잘못된 문자입니다(코드 페이지 65001).
C:\Users\KOSTA\Desktop\git_library\Library_project (3) (1)\returnBookClass.cpp(1,1): warning C4828: 파일에 0x352 오프셋에서 시작하는 문자가 포함되어 있습니다. 이 문자는 현재 원본 문자 집합에서 잘못된 문자입니다(코드 페이지 65001).
C:\Users\KOSTA\Desktop\git_library\Library_project (3) (1)\returnBookClass.cpp(1,1): warning C4828: 파일에 0x35f 오프셋에서 시작하는 문자가 포함되어 있습니다. 이 문자는 현재 원본 문자 집합에서 잘못된 문자입니다(코드 페이지 65001).
C:\Users\KOSTA\Desktop\git_library\Library_project (3) (1)\returnBookClass.cpp(1,1): warning C4828: 파일에 0x360 오프셋에서 시작하는 문자가 포함되어 있습니다. 이 문자는 현재 원본 문자 집합에서 잘못된 문자입니다(코드 페이지 65001).
C:\Users\KOSTA\Desktop\git_library\Library_project (3) (1)\returnBookClass.cpp(1,1): warning C4828: 파일에 0x362 오프셋에서 시작하는 문자가 포함되어 있습니다. 이 문자는 현재 원본 문자 집합에서 잘못된 문자입니다(코드 페이지 65001).
C:\Users\KOSTA\Desktop\git_library\Library_project (3) (1)\returnBookClass.cpp(1,1): warning C4828: 파일에 0x367 오프셋에서 시작하는 문자가 포함되어 있습니다. 이 문자는 현재 원본 문자 집합에서 잘못된 문자입니다(코드 페이지 65001).
C:\Users\KOSTA\Desktop\git_library\Library_project (3) (1)\returnBookClass.cpp(1,1): warning C4828: 파일에 0x910 오프셋에서 시작하는 문자가 포함되어 있습니다. 이 문자는 현재 원본 문자 집합에서 잘못된 문자입니다(코드 페이지 65001).
C:\Users\KOSTA\Desktop\git_library\Library_project (3) (1)\returnBookClass.cpp(1,1): warning C4828: 파일에 0x915 오프셋에서 시작하는 문자가 포함되어 있습니다. 이 문자는 현재 원본 문자 집합에서 잘못된 문자입니다(코드 페이지 65001).
C:\Users\KOSTA\Desktop\git_library\Library_project (3) (1)\returnBookClass.cpp(1,1): warning C4828: 파일에 0x917 오프셋에서 시작하는 문자가 포함되어 있습니다. 이 문자는 현재 원본 문자 집합에서 잘못된 문자입니다(코드 페이지 65001).
C:\Users\KOSTA\Desktop\git_library\Library_project (3) (1)\returnBookClass.cpp(1,1): warning C4828: 파일에 0x918 오프셋에서 시작하는 문자가 포함되어 있습니다. 이 문자는 현재 원본 문자 집합에서 잘못된 문자입니다(코드 페이지 65001).
C:\Users\KOSTA\Desktop\git_library\Library_project (3) (1)\returnBookClass.cpp(1,1): warning C4828: 파일에 0x919 오프셋에서 시작하는 문자가 포함되어 있습니다. 이 문자는 현재 원본 문자 집합에서 잘못된 문자입니다(코드 페이지 65001).
C:\Users\KOSTA\Desktop\git_library\Library_project (3) (1)\returnBookClass.cpp(1,1): warning C4828: 파일에 0x91a 오프셋에서 시작하는 문자가 포함되어 있습니다. 이 문자는 현재 원본 문자 집합에서 잘못된 문자입니다(코드 페이지 65001).
C:\Users\KOSTA\Desktop\git_library\Library_project (3) (1)\returnBookClass.cpp(1,1): warning C4828: 파일에 0x91c 오프셋에서 시작하는 문자가 포함되어 있습니다. 이 문자는 현재 원본 문자 집합에서 잘못된 문자입니다(코드 페이지 65001).
C:\Users\KOSTA\Desktop\git_library\Library_project (3) (1)\returnBookClass.cpp(1,1): warning C4828: 파일에 0x91f 오프셋에서 시작하는 문자가 포함되어 있습니다. 이 문자는 현재 원본 문자 집합에서 잘못된 문자입니다(코드 페이지 65001).
C:\Users\KOSTA\Desktop\git_library\Library_project (3) (1)\returnBookClass.cpp(1,1): warning C4828: 파일에 0x920 오프셋에서 시작하는 문자가 포함되어 있습니다. 이 문자는 현재 원본 문자 집합에서 잘못된 문자입니다(코드 페이지 65001).
C:\Users\KOSTA\Desktop\git_library\Library_project (3) (1)\returnBookClass.cpp(1,1): warning C4828: 파일에 0x921 오프셋에서 시작하는 문자가 포함되어 있습니다. 이 문자는 현재 원본 문자 집합에서 잘못된 문자입니다(코드 페이지 65001).
C:\Users\KOSTA\Desktop\git_library\Library_project (3) (1)\returnBookClass.cpp(1,1): warning C4828: 파일에 0x926 오프셋에서 시작하는 문자가 포함되어 있습니다. 이 문자는 현재 원본 문자 집합에서 잘못된 문자입니다(코드 페이지 65001).
C:\Users\KOSTA\Desktop\git_library\Library_project (3) (1)\returnBookClass.cpp(1,1): warning C4828: 파일에 0x98f 오프셋에서 시작하는 문자가 포함되어 있습니다. 이 문자는 현재 원본 문자 집합에서 잘못된 문자입니다(코드 페이지 65001).
C:\Users\KOSTA\Desktop\git_library\Library_project (3) (1)\returnBookClass.cpp(1,1): warning C4828: 파일에 0x990 오프셋에서 시작하는 문자가 포함되어 있습니다. 이 문자는 현재 원본 문자 집합에서 잘못된 문자입니다(코드 페이지 65001).
C:\Users\KOSTA\Desktop\git_library\Library_project (3) (1)\returnBookClass.cpp(1,1): warning C4828: 파일에 0x991 오프셋에서 시작하는 문자가 포함되어 있습니다. 이 문자는 현재 원본 문자 집합에서 잘못된 문자입니다(코드 페이지 65001).
C:\Users\KOSTA\Desktop\git_library\Library_project (3) (1)\returnBookClass.cpp(1,1): warning C4828: 파일에 0x992 오프셋에서 시작하는 문자가 포함되어 있습니다. 이 문자는 현재 원본 문자 집합에서 잘못된 문자입니다(코드 페이지 65001).
C:\Users\KOSTA\Desktop\git_library\Library_project (3) (1)\returnBookClass.cpp(1,1): warning C4828: 파일에 0x998 오프셋에서 시작하는 문자가 포함되어 있습니다. 이 문자는 현재 원본 문자 집합에서 잘못된 문자입니다(코드 페이지 65001).
C:\Users\KOSTA\Desktop\git_library\Library_project (3) (1)\returnBookClass.cpp(1,1): warning C4828: 파일에 0x99c 오프셋에서 시작하는 문자가 포함되어 있습니다. 이 문자는 현재 원본 문자 집합에서 잘못된 문자입니다(코드 페이지 65001).
C:\Users\KOSTA\Desktop\git_library\Library_project (3) (1)\returnBookClass.cpp(1,1): warning C4828: 파일에 0x99d 오프셋에서 시작하는 문자가 포함되어 있습니다. 이 문자는 현재 원본 문자 집합에서 잘못된 문자입니다(코드 페이지 65001).
C:\Users\KOSTA\Desktop\git_library\Library_project (3) (1)\returnBookClass.cpp(1,1): warning C4828: 파일에 0x99e 오프셋에서 시작하는 문자가 포함되어 있습니다. 이 문자는 현재 원본 문자 집합에서 잘못된 문자입니다(코드 페이지 65001).
C:\Users\KOSTA\Desktop\git_library\Library_project (3) (1)\returnBookClass.cpp(1,1): warning C4828: 파일에 0x99f 오프셋에서 시작하는 문자가 포함되어 있습니다. 이 문자는 현재 원본 문자 집합에서 잘못된 문자입니다(코드 페이지 65001).
C:\Users\KOSTA\Desktop\git_library\Library_project (3) (1)\returnBookClass.cpp(1,1): warning C4828: 파일에 0x9a3 오프셋에서 시작하는 문자가 포함되어 있습니다. 이 문자는 현재 원본 문자 집합에서 잘못된 문자입니다(코드 페이지 65001).
C:\Users\KOSTA\Desktop\git_library\Library_project (3) (1)\returnBookClass.cpp(1,1): warning C4828: 파일에 0x9a5 오프셋에서 시작하는 문자가 포함되어 있습니다. 이 문자는 현재 원본 문자 집합에서 잘못된 문자입니다(코드 페이지 65001).
C:\Users\KOSTA\Desktop\git_library\Library_project (3) (1)\returnBookClass.cpp(1,1): warning C4828: 파일에 0x9a6 오프셋에서 시작하는 문자가 포함되어 있습니다. 이 문자는 현재 원본 문자 집합에서 잘못된 문자입니다(코드 페이지 65001).
C:\Users\KOSTA\Desktop\git_library\Library_project (3) (1)\returnBookClass.cpp(1,1): warning C4828: 파일에 0x9a8 오프셋에서 시작하는 문자가 포함되어 있습니다. 이 문자는 현재 원본 문자 집합에서 잘못된 문자입니다(코드 페이지 65001).
C:\Users\KOSTA\Desktop\git_library\Library_project (3) (1)\returnBookClass.cpp(1,1): warning C4828: 파일에 0x9ae 오프셋에서 시작하는 문자가 포함되어 있습니다. 이 문자는 현재 원본 문자 집합에서 잘못된 문자입니다(코드 페이지 65001).
C:\Users\KOSTA\Desktop\git_library\Library_project (3) (1)\returnBookClass.cpp(1,1): warning C4828: 파일에 0xa8a 오프셋에서 시작하는 문자가 포함되어 있습니다. 이 문자는 현재 원본 문자 집합에서 잘못된 문자입니다(코드 페이지 65001).
C:\Users\KOSTA\Desktop\git_library\Library_project (3) (1)\returnBookClass.cpp(1,1): warning C4828: 파일에 0xa8b 오프셋에서 시작하는 문자가 포함되어 있습니다. 이 문자는 현재 원본 문자 집합에서 잘못된 문자입니다(코드 페이지 65001).
C:\Users\KOSTA\Desktop\git_library\Library_project (3) (1)\returnBookClass.cpp(1,1): warning C4828: 파일에 0xa8c 오프셋에서 시작하는 문자가 포함되어 있습니다. 이 문자는 현재 원본 문자 집합에서 잘못된 문자입니다(코드 페이지 65001).
C:\Users\KOSTA\Desktop\git_library\Library_project (3) (1)\returnBookClass.cpp(1,1): warning C4828: 파일에 0xa8d 오프셋에서 시작하는 문자가 포함되어 있습니다. 이 문자는 현재 원본 문자 집합에서 잘못된 문자입니다(코드 페이지 65001).
C:\Users\KOSTA\Desktop\git_library\Library_project (3) (1)\returnBookClass.cpp(1,1): warning C4828: 파일에 0xa8f 오프셋에서 시작하는 문자가 포함되어 있습니다. 이 문자는 현재 원본 문자 집합에서 잘못된 문자입니다(코드 페이지 65001).
C:\Users\KOSTA\Desktop\git_library\Library_project (3) (1)\returnBookClass.cpp(1,1): warning C4828: 파일에 0xa90 오프셋에서 시작하는 문자가 포함되어 있습니다. 이 문자는 현재 원본 문자 집합에서 잘못된 문자입니다(코드 페이지 65001).
C:\Users\KOSTA\Desktop\git_library\Library_project (3) (1)\returnBookClass.cpp(1,1): warning C4828: 파일에 0xa91 오프셋에서 시작하는 문자가 포함되어 있습니다. 이 문자는 현재 원본 문자 집합에서 잘못된 문자입니다(코드 페이지 65001).
C:\Users\KOSTA\Desktop\git_library\Library_project (3) (1)\returnBookClass.cpp(1,1): warning C4828: 파일에 0xa96 오프셋에서 시작하는 문자가 포함되어 있습니다. 이 문자는 현재 원본 문자 집합에서 잘못된 문자입니다(코드 페이지 65001).
C:\Users\KOSTA\Desktop\git_library\Library_project (3) (1)\returnBookClass.cpp(1,1): warning C4828: 파일에 0xa9b 오프셋에서 시작하는 문자가 포함되어 있습니다. 이 문자는 현재 원본 문자 집합에서 잘못된 문자입니다(코드 페이지 65001).
C:\Users\KOSTA\Desktop\git_library\Library_project (3) (1)\returnBookClass.cpp(1,1): warning C4828: 파일에 0xa9c 오프셋에서 시작하는 문자가 포함되어 있습니다. 이 문자는 현재 원본 문자 집합에서 잘못된 문자입니다(코드 페이지 65001).
C:\Users\KOSTA\Desktop\git_library\Library_project (3) (1)\returnBookClass.cpp(1,1): warning C4828: 파일에 0xa9e 오프셋에서 시작하는 문자가 포함되어 있습니다. 이 문자는 현재 원본 문자 집합에서 잘못된 문자입니다(코드 페이지 65001).
C:\Users\KOSTA\Desktop\git_library\Library_project (3) (1)\returnBookClass.cpp(1,1): warning C4828: 파일에 0xa9f 오프셋에서 시작하는 문자가 포함되어 있습니다. 이 문자는 현재 원본 문자 집합에서 잘못된 문자입니다(코드 페이지 65001).
C:\Users\KOSTA\Desktop\git_library\Library_project (3) (1)\returnBookClass.cpp(1,1): warning C4828: 파일에 0xaa3 오프셋에서 시작하는 문자가 포함되어 있습니다. 이 문자는 현재 원본 문자 집합에서 잘못된 문자입니다(코드 페이지 65001).
C:\Users\KOSTA\Desktop\git_library\Library_project (3) (1)\returnBookClass.cpp(1,1): warning C4828: 파일에 0xb01 오프셋에서 시작하는 문자가 포함되어 있습니다. 이 문자는 현재 원본 문자 집합에서 잘못된 문자입니다(코드 페이지 65001).
C:\Users\KOSTA\Desktop\git_library\Library_project (3) (1)\returnBookClass.cpp(1,1): warning C4828: 파일에 0xb05 오프셋에서 시작하는 문자가 포함되어 있습니다. 이 문자는 현재 원본 문자 집합에서 잘못된 문자입니다(코드 페이지 65001).
C:\Users\KOSTA\Desktop\git_library\Library_project (3) (1)\returnBookClass.cpp(1,1): warning C4828: 파일에 0xb06 오프셋에서 시작하는 문자가 포함되어 있습니다. 이 문자는 현재 원본 문자 집합에서 잘못된 문자입니다(코드 페이지 65001).
C:\Users\KOSTA\Desktop\git_library\Library_project (3) (1)\returnBookClass.cpp(1,1): warning C4828: 파일에 0xb07 오프셋에서 시작하는 문자가 포함되어 있습니다. 이 문자는 현재 원본 문자 집합에서 잘못된 문자입니다(코드 페이지 65001).
C:\Users\KOSTA\Desktop\git_library\Library_project (3) (1)\returnBookClass.cpp(1,1): warning C4828: 파일에 0xb08 오프셋에서 시작하는 문자가 포함되어 있습니다. 이 문자는 현재 원본 문자 집합에서 잘못된 문자입니다(코드 페이지 65001).
C:\Users\KOSTA\Desktop\git_library\Library_project (3) (1)\returnBookClass.cpp(1,1): warning C4828: 파일에 0xb0a 오프셋에서 시작하는 문자가 포함되어 있습니다. 이 문자는 현재 원본 문자 집합에서 잘못된 문자입니다(코드 페이지 65001).
C:\Users\KOSTA\Desktop\git_library\Library_project (3) (1)\returnBookClass.cpp(1,1): warning C4828: 파일에 0xb0b 오프셋에서 시작하는 문자가 포함되어 있습니다. 이 문자는 현재 원본 문자 집합에서 잘못된 문자입니다(코드 페이지 65001).
C:\Users\KOSTA\Desktop\git_library\Library_project (3) (1)\returnBookClass.cpp(1,1): warning C4828: 파일에 0xb0c 오프셋에서 시작하는 문자가 포함되어 있습니다. 이 문자는 현재 원본 문자 집합에서 잘못된 문자입니다(코드 페이지 65001).
C:\Users\KOSTA\Desktop\git_library\Library_project (3) (1)\returnBookClass.cpp(1,1): warning C4828: 파일에 0xb10 오프셋에서 시작하는 문자가 포함되어 있습니다. 이 문자는 현재 원본 문자 집합에서 잘못된 문자입니다(코드 페이지 65001).
C:\Users\KOSTA\Desktop\git_library\Library_project (3) (1)\returnBookClass.cpp(1,1): warning C4828: 파일에 0xb11 오프셋에서 시작하는 문자가 포함되어 있습니다. 이 문자는 현재 원본 문자 집합에서 잘못된 문자입니다(코드 페이지 65001).
C:\Users\KOSTA\Desktop\git_library\Library_project (3) (1)\returnBookClass.cpp(1,1): warning C4828: 파일에 0xb4d 오프셋에서 시작하는 문자가 포함되어 있습니다. 이 문자는 현재 원본 문자 집합에서 잘못된 문자입니다(코드 페이지 65001).
C:\Users\KOSTA\Desktop\git_library\Library_project (3) (1)\returnBookClass.cpp(1,1): warning C4828: 파일에 0xb50 오프셋에서 시작하는 문자가 포함되어 있습니다. 이 문자는 현재 원본 문자 집합에서 잘못된 문자입니다(코드 페이지 65001).
C:\Users\KOSTA\Desktop\git_library\Library_project (3) (1)\returnBookClass.cpp(1,1): warning C4828: 파일에 0xb52 오프셋에서 시작하는 문자가 포함되어 있습니다. 이 문자는 현재 원본 문자 집합에서 잘못된 문자입니다(코드 페이지 65001).
C:\Users\KOSTA\Desktop\git_library\Library_project (3) (1)\returnBookClass.cpp(1,1): warning C4828: 파일에 0xb53 오프셋에서 시작하는 문자가 포함되어 있습니다. 이 문자는 현재 원본 문자 집합에서 잘못된 문자입니다(코드 페이지 65001).
C:\Users\KOSTA\Desktop\git_library\Library_project (3) (1)\returnBookClass.cpp(1,1): warning C4828: 파일에 0xb56 오프셋에서 시작하는 문자가 포함되어 있습니다. 이 문자는 현재 원본 문자 집합에서 잘못된 문자입니다(코드 페이지 65001).
C:\Users\KOSTA\Desktop\git_library\Library_project (3) (1)\returnBookClass.cpp(1,1): warning C4828: 파일에 0xb57 오프셋에서 시작하는 문자가 포함되어 있습니다. 이 문자는 현재 원본 문자 집합에서 잘못된 문자입니다(코드 페이지 65001).
C:\Users\KOSTA\Desktop\git_library\Library_project (3) (1)\returnBookClass.cpp(1,1): warning C4828: 파일에 0xb58 오프셋에서 시작하는 문자가 포함되어 있습니다. 이 문자는 현재 원본 문자 집합에서 잘못된 문자입니다(코드 페이지 65001).
C:\Users\KOSTA\Desktop\git_library\Library_project (3) (1)\returnBookClass.cpp(1,1): warning C4828: 파일에 0xb59 오프셋에서 시작하는 문자가 포함되어 있습니다. 이 문자는 현재 원본 문자 집합에서 잘못된 문자입니다(코드 페이지 65001).
C:\Users\KOSTA\Desktop\git_library\Library_project (3) (1)\returnBookClass.cpp(1,1): warning C4828: 파일에 0xb5a 오프셋에서 시작하는 문자가 포함되어 있습니다. 이 문자는 현재 원본 문자 집합에서 잘못된 문자입니다(코드 페이지 65001).
C:\Users\KOSTA\Desktop\git_library\Library_project (3) (1)\returnBookClass.cpp(1,1): warning C4828: 파일에 0xb5b 오프셋에서 시작하는 문자가 포함되어 있습니다. 이 문자는 현재 원본 문자 집합에서 잘못된 문자입니다(코드 페이지 65001).
C:\Users\KOSTA\Desktop\git_library\Library_project (3) (1)\returnBookClass.cpp(1,1): warning C4828: 파일에 0xb5d 오프셋에서 시작하는 문자가 포함되어 있습니다. 이 문자는 현재 원본 문자 집합에서 잘못된 문자입니다(코드 페이지 65001).
C:\Users\KOSTA\Desktop\git_library\Library_project (3) (1)\returnBookClass.cpp(1,1): warning C4828: 파일에 0xb5e 오프셋에서 시작하는 문자가 포함되어 있습니다. 이 문자는 현재 원본 문자 집합에서 잘못된 문자입니다(코드 페이지 65001).
C:\Users\KOSTA\Desktop\git_library\Library_project (3) (1)\returnBookClass.cpp(1,1): warning C4828: 파일에 0xb5f 오프셋에서 시작하는 문자가 포함되어 있습니다. 이 문자는 현재 원본 문자 집합에서 잘못된 문자입니다(코드 페이지 65001).
C:\Users\KOSTA\Desktop\git_library\Library_project (3) (1)\returnBookClass.cpp(1,1): warning C4828: 파일에 0xb60 오프셋에서 시작하는 문자가 포함되어 있습니다. 이 문자는 현재 원본 문자 집합에서 잘못된 문자입니다(코드 페이지 65001).
C:\Users\KOSTA\Desktop\git_library\Library_project (3) (1)\returnBookClass.cpp(1,1): warning C4828: 파일에 0xbc1 오프셋에서 시작하는 문자가 포함되어 있습니다. 이 문자는 현재 원본 문자 집합에서 잘못된 문자입니다(코드 페이지 65001).
C:\Users\KOSTA\Desktop\git_library\Library_project (3) (1)\returnBookClass.cpp(1,1): warning C4828: 파일에 0xbc2 오프셋에서 시작하는 문자가 포함되어 있습니다. 이 문자는 현재 원본 문자 집합에서 잘못된 문자입니다(코드 페이지 65001).
C:\Users\KOSTA\Desktop\git_library\Library_project (3) (1)\returnBookClass.cpp(1,1): warning C4828: 파일에 0xbc6 오프셋에서 시작하는 문자가 포함되어 있습니다. 이 문자는 현재 원본 문자 집합에서 잘못된 문자입니다(코드 페이지 65001).
C:\Users\KOSTA\Desktop\git_library\Library_project (3) (1)\returnBookClass.cpp(1,1): warning C4828: 파일에 0xbc8 오프셋에서 시작하는 문자가 포함되어 있습니다. 이 문자는 현재 원본 문자 집합에서 잘못된 문자입니다(코드 페이지 65001).
C:\Users\KOSTA\Desktop\git_library\Library_project (3) (1)\returnBookClass.cpp(1,1): warning C4828: 파일에 0xbcb 오프셋에서 시작하는 문자가 포함되어 있습니다. 이 문자는 현재 원본 문자 집합에서 잘못된 문자입니다(코드 페이지 65001).
C:\Users\KOSTA\Desktop\git_library\Library_project (3) (1)\returnBookClass.cpp(1,1): warning C4828: 파일에 0xbcc 오프셋에서 시작하는 문자가 포함되어 있습니다. 이 문자는 현재 원본 문자 집합에서 잘못된 문자입니다(코드 페이지 65001).
C:\Users\KOSTA\Desktop\git_library\Library_project (3) (1)\returnBookClass.cpp(1,1): warning C4828: 파일에 0xbcf 오프셋에서 시작하는 문자가 포함되어 있습니다. 이 문자는 현재 원본 문자 집합에서 잘못된 문자입니다(코드 페이지 65001).
C:\Users\KOSTA\Desktop\git_library\Library_project (3) (1)\returnBookClass.cpp(1,1): warning C4828: 파일에 0xbd1 오프셋에서 시작하는 문자가 포함되어 있습니다. 이 문자는 현재 원본 문자 집합에서 잘못된 문자입니다(코드 페이지 65001).
C:\Users\KOSTA\Desktop\git_library\Library_project (3) (1)\returnBookClass.cpp(1,1): warning C4828: 파일에 0xbd5 오프셋에서 시작하는 문자가 포함되어 있습니다. 이 문자는 현재 원본 문자 집합에서 잘못된 문자입니다(코드 페이지 65001).
C:\Users\KOSTA\Desktop\git_library\Library_project (3) (1)\returnBookClass.cpp(1,1): warning C4828: 파일에 0xbd6 오프셋에서 시작하는 문자가 포함되어 있습니다. 이 문자는 현재 원본 문자 집합에서 잘못된 문자입니다(코드 페이지 65001).
C:\Users\KOSTA\Desktop\git_library\Library_project (3) (1)\returnBookClass.cpp(1,1): warning C4828: 파일에 0xbd8 오프셋에서 시작하는 문자가 포함되어 있습니다. 이 문자는 현재 원본 문자 집합에서 잘못된 문자입니다(코드 페이지 65001).
C:\Users\KOSTA\Desktop\git_library\Library_project (3) (1)\returnBookClass.cpp(1,1): warning C4828: 파일에 0xbd9 오프셋에서 시작하는 문자가 포함되어 있습니다. 이 문자는 현재 원본 문자 집합에서 잘못된 문자입니다(코드 페이지 65001).
C:\Users\KOSTA\Desktop\git_library\Library_project (3) (1)\returnBookClass.cpp(1,1): warning C4828: 파일에 0xbdb 오프셋에서 시작하는 문자가 포함되어 있습니다. 이 문자는 현재 원본 문자 집합에서 잘못된 문자입니다(코드 페이지 65001).
C:\Users\KOSTA\Desktop\git_library\Library_project (3) (1)\returnBookClass.cpp(1,1): warning C4828: 파일에 0xbdf 오프셋에서 시작하는 문자가 포함되어 있습니다. 이 문자는 현재 원본 문자 집합에서 잘못된 문자입니다(코드 페이지 65001).
C:\Users\KOSTA\Desktop\git_library\Library_project (3) (1)\returnBookClass.cpp(1,1): warning C4828: 파일에 0xbe2 오프셋에서 시작하는 문자가 포함되어 있습니다. 이 문자는 현재 원본 문자 집합에서 잘못된 문자입니다(코드 페이지 65001).
C:\Users\KOSTA\Desktop\git_library\Library_project (3) (1)\returnBookClass.cpp(1,1): warning C4828: 파일에 0xbe3 오프셋에서 시작하는 문자가 포함되어 있습니다. 이 문자는 현재 원본 문자 집합에서 잘못된 문자입니다(코드 페이지 65001).
C:\Users\KOSTA\Desktop\git_library\Library_project (3) (1)\returnBookClass.cpp(1,1): warning C4828: 파일에 0xbe9 오프셋에서 시작하는 문자가 포함되어 있습니다. 이 문자는 현재 원본 문자 집합에서 잘못된 문자입니다(코드 페이지 65001).
C:\Users\KOSTA\Desktop\git_library\Library_project (3) (1)\returnBookClass.cpp(1,1): warning C4828: 파일에 0xbec 오프셋에서 시작하는 문자가 포함되어 있습니다. 이 문자는 현재 원본 문자 집합에서 잘못된 문자입니다(코드 페이지 65001).
C:\Users\KOSTA\Desktop\git_library\Library_project (3) (1)\returnBookClass.cpp(1,1): warning C4828: 파일에 0xbed 오프셋에서 시작하는 문자가 포함되어 있습니다. 이 문자는 현재 원본 문자 집합에서 잘못된 문자입니다(코드 페이지 65001).
C:\Users\KOSTA\Desktop\git_library\Library_project (3) (1)\returnBookClass.cpp(1,1): warning C4828: 파일에 0xbf0 오프셋에서 시작하는 문자가 포함되어 있습니다. 이 문자는 현재 원본 문자 집합에서 잘못된 문자입니다(코드 페이지 65001).
C:\Users\KOSTA\Desktop\git_library\Library_project (3) (1)\returnBookClass.cpp(1,1): warning C4828: 파일에 0xbf2 오프셋에서 시작하는 문자가 포함되어 있습니다. 이 문자는 현재 원본 문자 집합에서 잘못된 문자입니다(코드 페이지 65001).
C:\Users\KOSTA\Desktop\git_library\Library_project (3) (1)\returnBookClass.cpp(1,1): warning C4828: 파일에 0xbf4 오프셋에서 시작하는 문자가 포함되어 있습니다. 이 문자는 현재 원본 문자 집합에서 잘못된 문자입니다(코드 페이지 65001).
C:\Users\KOSTA\Desktop\git_library\Library_project (3) (1)\returnBookClass.cpp(1,1): warning C4828: 파일에 0xbf5 오프셋에서 시작하는 문자가 포함되어 있습니다. 이 문자는 현재 원본 문자 집합에서 잘못된 문자입니다(코드 페이지 65001).
C:\Users\KOSTA\Desktop\git_library\Library_project (3) (1)\returnBookClass.cpp(1,1): warning C4828: 파일에 0xbf7 오프셋에서 시작하는 문자가 포함되어 있습니다. 이 문자는 현재 원본 문자 집합에서 잘못된 문자입니다(코드 페이지 65001).
C:\Users\KOSTA\Desktop\git_library\Library_project (3) (1)\returnBookClass.cpp(1,1): warning C4828: 파일에 0xbfa 오프셋에서 시작하는 문자가 포함되어 있습니다. 이 문자는 현재 원본 문자 집합에서 잘못된 문자입니다(코드 페이지 65001).
C:\Users\KOSTA\Desktop\git_library\Library_project (3) (1)\returnBookClass.cpp(1,1): warning C4828: 파일에 0xbfc 오프셋에서 시작하는 문자가 포함되어 있습니다. 이 문자는 현재 원본 문자 집합에서 잘못된 문자입니다(코드 페이지 65001).
C:\Users\KOSTA\Desktop\git_library\Library_project (3) (1)\returnBookClass.cpp(1,1): warning C4828: 파일에 0xbff 오프셋에서 시작하는 문자가 포함되어 있습니다. 이 문자는 현재 원본 문자 집합에서 잘못된 문자입니다(코드 페이지 65001).
C:\Users\KOSTA\Desktop\git_library\Library_project (3) (1)\returnBookClass.cpp(1,1): warning C4828: 파일에 0xc02 오프셋에서 시작하는 문자가 포함되어 있습니다. 이 문자는 현재 원본 문자 집합에서 잘못된 문자입니다(코드 페이지 65001).
C:\Users\KOSTA\Desktop\git_library\Library_project (3) (1)\returnBookClass.cpp(1,1): warning C4828: 파일에 0xc03 오프셋에서 시작하는 문자가 포함되어 있습니다. 이 문자는 현재 원본 문자 집합에서 잘못된 문자입니다(코드 페이지 65001).
C:\Users\KOSTA\Desktop\git_library\Library_project (3) (1)\DeleteBookClass.cpp(62,16): warning C4834: 'nodiscard' 특성이 포함된 함수의 반환 값을 버리는 중
  signupClass.cpp
  borrowClass.cpp
  Library_project.cpp
C:\Users\KOSTA\Desktop\git_library\Library_project (3) (1)\signupClass.cpp(1,1): warning C4828: 파일에 0x35 오프셋에서 시작하는 문자가 포함되어 있습니다. 이 문자는 현재 원본 문자 집합에서 잘못된 문자입니다(코드 페이지 65001).
C:\Users\KOSTA\Desktop\git_library\Library_project (3) (1)\signupClass.cpp(1,1): warning C4828: 파일에 0x36 오프셋에서 시작하는 문자가 포함되어 있습니다. 이 문자는 현재 원본 문자 집합에서 잘못된 문자입니다(코드 페이지 65001).
C:\Users\KOSTA\Desktop\git_library\Library_project (3) (1)\signupClass.cpp(1,1): warning C4828: 파일에 0x37 오프셋에서 시작하는 문자가 포함되어 있습니다. 이 문자는 현재 원본 문자 집합에서 잘못된 문자입니다(코드 페이지 65001).
  loginClass.cpp
C:\Users\KOSTA\Desktop\git_library\Library_project (3) (1)\signupClass.cpp(1,1): warning C4828: 파일에 0x38 오프셋에서 시작하는 문자가 포함되어 있습니다. 이 문자는 현재 원본 문자 집합에서 잘못된 문자입니다(코드 페이지 65001).
C:\Users\KOSTA\Desktop\git_library\Library_project (3) (1)\signupClass.cpp(1,1): warning C4828: 파일에 0x3b 오프셋에서 시작하는 문자가 포함되어 있습니다. 이 문자는 현재 원본 문자 집합에서 잘못된 문자입니다(코드 페이지 65001).
C:\Users\KOSTA\Desktop\git_library\Library_project (3) (1)\signupClass.cpp(1,1): warning C4828: 파일에 0x3c 오프셋에서 시작하는 문자가 포함되어 있습니다. 이 문자는 현재 원본 문자 집합에서 잘못된 문자입니다(코드 페이지 65001).
C:\Users\KOSTA\Desktop\git_library\Library_project (3) (1)\signupClass.cpp(1,1): warning C4828: 파일에 0x3d 오프셋에서 시작하는 문자가 포함되어 있습니다. 이 문자는 현재 원본 문자 집합에서 잘못된 문자입니다(코드 페이지 65001).
C:\Users\KOSTA\Desktop\git_library\Library_project (3) (1)\signupClass.cpp(1,1): warning C4828: 파일에 0x3e 오프셋에서 시작하는 문자가 포함되어 있습니다. 이 문자는 현재 원본 문자 집합에서 잘못된 문자입니다(코드 페이지 65001).
C:\Users\KOSTA\Desktop\git_library\Library_project (3) (1)\signupClass.cpp(1,1): warning C4828: 파일에 0x3f 오프셋에서 시작하는 문자가 포함되어 있습니다. 이 문자는 현재 원본 문자 집합에서 잘못된 문자입니다(코드 페이지 65001).
C:\Users\KOSTA\Desktop\git_library\Library_project (3) (1)\signupClass.cpp(1,1): warning C4828: 파일에 0x40 오프셋에서 시작하는 문자가 포함되어 있습니다. 이 문자는 현재 원본 문자 집합에서 잘못된 문자입니다(코드 페이지 65001).
C:\Users\KOSTA\Desktop\git_library\Library_project (3) (1)\signupClass.cpp(1,1): warning C4828: 파일에 0x42 오프셋에서 시작하는 문자가 포함되어 있습니다. 이 문자는 현재 원본 문자 집합에서 잘못된 문자입니다(코드 페이지 65001).
C:\Users\KOSTA\Desktop\git_library\Library_project (3) (1)\signupClass.cpp(1,1): warning C4828: 파일에 0x43 오프셋에서 시작하는 문자가 포함되어 있습니다. 이 문자는 현재 원본 문자 집합에서 잘못된 문자입니다(코드 페이지 65001).
C:\Users\KOSTA\Desktop\git_library\Library_project (3) (1)\signupClass.cpp(1,1): warning C4828: 파일에 0x44 오프셋에서 시작하는 문자가 포함되어 있습니다. 이 문자는 현재 원본 문자 집합에서 잘못된 문자입니다(코드 페이지 65001).
C:\Users\KOSTA\Desktop\git_library\Library_project (3) (1)\signupClass.cpp(1,1): warning C4828: 파일에 0x49 오프셋에서 시작하는 문자가 포함되어 있습니다. 이 문자는 현재 원본 문자 집합에서 잘못된 문자입니다(코드 페이지 65001).
C:\Users\KOSTA\Desktop\git_library\Library_project (3) (1)\signupClass.cpp(1,1): warning C4828: 파일에 0x4b 오프셋에서 시작하는 문자가 포함되어 있습니다. 이 문자는 현재 원본 문자 집합에서 잘못된 문자입니다(코드 페이지 65001).
C:\Users\KOSTA\Desktop\git_library\Library_project (3) (1)\signupClass.cpp(1,1): warning C4828: 파일에 0x4e 오프셋에서 시작하는 문자가 포함되어 있습니다. 이 문자는 현재 원본 문자 집합에서 잘못된 문자입니다(코드 페이지 65001).
C:\Users\KOSTA\Desktop\git_library\Library_project (3) (1)\signupClass.cpp(1,1): warning C4828: 파일에 0x50 오프셋에서 시작하는 문자가 포함되어 있습니다. 이 문자는 현재 원본 문자 집합에서 잘못된 문자입니다(코드 페이지 65001).
C:\Users\KOSTA\Desktop\git_library\Library_project (3) (1)\signupClass.cpp(1,1): warning C4828: 파일에 0x53 오프셋에서 시작하는 문자가 포함되어 있습니다. 이 문자는 현재 원본 문자 집합에서 잘못된 문자입니다(코드 페이지 65001).
C:\Users\KOSTA\Desktop\git_library\Library_project (3) (1)\signupClass.cpp(1,1): warning C4828: 파일에 0x6e 오프셋에서 시작하는 문자가 포함되어 있습니다. 이 문자는 현재 원본 문자 집합에서 잘못된 문자입니다(코드 페이지 65001).
C:\Users\KOSTA\Desktop\git_library\Library_project (3) (1)\signupClass.cpp(1,1): warning C4828: 파일에 0x6f 오프셋에서 시작하는 문자가 포함되어 있습니다. 이 문자는 현재 원본 문자 집합에서 잘못된 문자입니다(코드 페이지 65001).
C:\Users\KOSTA\Desktop\git_library\Library_project (3) (1)\signupClass.cpp(1,1): warning C4828: 파일에 0x70 오프셋에서 시작하는 문자가 포함되어 있습니다. 이 문자는 현재 원본 문자 집합에서 잘못된 문자입니다(코드 페이지 65001).
C:\Users\KOSTA\Desktop\git_library\Library_project (3) (1)\signupClass.cpp(1,1): warning C4828: 파일에 0x71 오프셋에서 시작하는 문자가 포함되어 있습니다. 이 문자는 현재 원본 문자 집합에서 잘못된 문자입니다(코드 페이지 65001).
C:\Users\KOSTA\Desktop\git_library\Library_project (3) (1)\signupClass.cpp(1,1): warning C4828: 파일에 0x73 오프셋에서 시작하는 문자가 포함되어 있습니다. 이 문자는 현재 원본 문자 집합에서 잘못된 문자입니다(코드 페이지 65001).
C:\Users\KOSTA\Desktop\git_library\Library_project (3) (1)\signupClass.cpp(1,1): warning C4828: 파일에 0x74 오프셋에서 시작하는 문자가 포함되어 있습니다. 이 문자는 현재 원본 문자 집합에서 잘못된 문자입니다(코드 페이지 65001).
C:\Users\KOSTA\Desktop\git_library\Library_project (3) (1)\signupClass.cpp(1,1): warning C4828: 파일에 0x78 오프셋에서 시작하는 문자가 포함되어 있습니다. 이 문자는 현재 원본 문자 집합에서 잘못된 문자입니다(코드 페이지 65001).
C:\Users\KOSTA\Desktop\git_library\Library_project (3) (1)\signupClass.cpp(1,1): warning C4828: 파일에 0x7c 오프셋에서 시작하는 문자가 포함되어 있습니다. 이 문자는 현재 원본 문자 집합에서 잘못된 문자입니다(코드 페이지 65001).
C:\Users\KOSTA\Desktop\git_library\Library_project (3) (1)\signupClass.cpp(1,1): warning C4828: 파일에 0x7d 오프셋에서 시작하는 문자가 포함되어 있습니다. 이 문자는 현재 원본 문자 집합에서 잘못된 문자입니다(코드 페이지 65001).
C:\Users\KOSTA\Desktop\git_library\Library_project (3) (1)\signupClass.cpp(1,1): warning C4828: 파일에 0x80 오프셋에서 시작하는 문자가 포함되어 있습니다. 이 문자는 현재 원본 문자 집합에서 잘못된 문자입니다(코드 페이지 65001).
C:\Users\KOSTA\Desktop\git_library\Library_project (3) (1)\signupClass.cpp(1,1): warning C4828: 파일에 0x81 오프셋에서 시작하는 문자가 포함되어 있습니다. 이 문자는 현재 원본 문자 집합에서 잘못된 문자입니다(코드 페이지 65001).
C:\Users\KOSTA\Desktop\git_library\Library_project (3) (1)\signupClass.cpp(1,1): warning C4828: 파일에 0xa0 오프셋에서 시작하는 문자가 포함되어 있습니다. 이 문자는 현재 원본 문자 집합에서 잘못된 문자입니다(코드 페이지 65001).
C:\Users\KOSTA\Desktop\git_library\Library_project (3) (1)\signupClass.cpp(1,1): warning C4828: 파일에 0xa1 오프셋에서 시작하는 문자가 포함되어 있습니다. 이 문자는 현재 원본 문자 집합에서 잘못된 문자입니다(코드 페이지 65001).
C:\Users\KOSTA\Desktop\git_library\Library_project (3) (1)\signupClass.cpp(1,1): warning C4828: 파일에 0xa2 오프셋에서 시작하는 문자가 포함되어 있습니다. 이 문자는 현재 원본 문자 집합에서 잘못된 문자입니다(코드 페이지 65001).
C:\Users\KOSTA\Desktop\git_library\Library_project (3) (1)\signupClass.cpp(1,1): warning C4828: 파일에 0xa3 오프셋에서 시작하는 문자가 포함되어 있습니다. 이 문자는 현재 원본 문자 집합에서 잘못된 문자입니다(코드 페이지 65001).
C:\Users\KOSTA\Desktop\git_library\Library_project (3) (1)\signupClass.cpp(1,1): warning C4828: 파일에 0xa6 오프셋에서 시작하는 문자가 포함되어 있습니다. 이 문자는 현재 원본 문자 집합에서 잘못된 문자입니다(코드 페이지 65001).
C:\Users\KOSTA\Desktop\git_library\Library_project (3) (1)\signupClass.cpp(1,1): warning C4828: 파일에 0xa7 오프셋에서 시작하는 문자가 포함되어 있습니다. 이 문자는 현재 원본 문자 집합에서 잘못된 문자입니다(코드 페이지 65001).
C:\Users\KOSTA\Desktop\git_library\Library_project (3) (1)\signupClass.cpp(1,1): warning C4828: 파일에 0xa9 오프셋에서 시작하는 문자가 포함되어 있습니다. 이 문자는 현재 원본 문자 집합에서 잘못된 문자입니다(코드 페이지 65001).
C:\Users\KOSTA\Desktop\git_library\Library_project (3) (1)\signupClass.cpp(1,1): warning C4828: 파일에 0xaa 오프셋에서 시작하는 문자가 포함되어 있습니다. 이 문자는 현재 원본 문자 집합에서 잘못된 문자입니다(코드 페이지 65001).
C:\Users\KOSTA\Desktop\git_library\Library_project (3) (1)\signupClass.cpp(1,1): warning C4828: 파일에 0xab 오프셋에서 시작하는 문자가 포함되어 있습니다. 이 문자는 현재 원본 문자 집합에서 잘못된 문자입니다(코드 페이지 65001).
C:\Users\KOSTA\Desktop\git_library\Library_project (3) (1)\signupClass.cpp(1,1): warning C4828: 파일에 0xb0 오프셋에서 시작하는 문자가 포함되어 있습니다. 이 문자는 현재 원본 문자 집합에서 잘못된 문자입니다(코드 페이지 65001).
C:\Users\KOSTA\Desktop\git_library\Library_project (3) (1)\signupClass.cpp(1,1): warning C4828: 파일에 0xb2 오프셋에서 시작하는 문자가 포함되어 있습니다. 이 문자는 현재 원본 문자 집합에서 잘못된 문자입니다(코드 페이지 65001).
C:\Users\KOSTA\Desktop\git_library\Library_project (3) (1)\signupClass.cpp(1,1): warning C4828: 파일에 0xb5 오프셋에서 시작하는 문자가 포함되어 있습니다. 이 문자는 현재 원본 문자 집합에서 잘못된 문자입니다(코드 페이지 65001).
C:\Users\KOSTA\Desktop\git_library\Library_project (3) (1)\signupClass.cpp(1,1): warning C4828: 파일에 0x154 오프셋에서 시작하는 문자가 포함되어 있습니다. 이 문자는 현재 원본 문자 집합에서 잘못된 문자입니다(코드 페이지 65001).
C:\Users\KOSTA\Desktop\git_library\Library_project (3) (1)\signupClass.cpp(1,1): warning C4828: 파일에 0x155 오프셋에서 시작하는 문자가 포함되어 있습니다. 이 문자는 현재 원본 문자 집합에서 잘못된 문자입니다(코드 페이지 65001).
C:\Users\KOSTA\Desktop\git_library\Library_project (3) (1)\signupClass.cpp(1,1): warning C4828: 파일에 0x156 오프셋에서 시작하는 문자가 포함되어 있습니다. 이 문자는 현재 원본 문자 집합에서 잘못된 문자입니다(코드 페이지 65001).
C:\Users\KOSTA\Desktop\git_library\Library_project (3) (1)\signupClass.cpp(1,1): warning C4828: 파일에 0x157 오프셋에서 시작하는 문자가 포함되어 있습니다. 이 문자는 현재 원본 문자 집합에서 잘못된 문자입니다(코드 페이지 65001).
C:\Users\KOSTA\Desktop\git_library\Library_project (3) (1)\signupClass.cpp(1,1): warning C4828: 파일에 0x158 오프셋에서 시작하는 문자가 포함되어 있습니다. 이 문자는 현재 원본 문자 집합에서 잘못된 문자입니다(코드 페이지 65001).
C:\Users\KOSTA\Desktop\git_library\Library_project (3) (1)\signupClass.cpp(1,1): warning C4828: 파일에 0x159 오프셋에서 시작하는 문자가 포함되어 있습니다. 이 문자는 현재 원본 문자 집합에서 잘못된 문자입니다(코드 페이지 65001).
C:\Users\KOSTA\Desktop\git_library\Library_project (3) (1)\signupClass.cpp(1,1): warning C4828: 파일에 0x15e 오프셋에서 시작하는 문자가 포함되어 있습니다. 이 문자는 현재 원본 문자 집합에서 잘못된 문자입니다(코드 페이지 65001).
C:\Users\KOSTA\Desktop\git_library\Library_project (3) (1)\signupClass.cpp(1,1): warning C4828: 파일에 0x161 오프셋에서 시작하는 문자가 포함되어 있습니다. 이 문자는 현재 원본 문자 집합에서 잘못된 문자입니다(코드 페이지 65001).
C:\Users\KOSTA\Desktop\git_library\Library_project (3) (1)\signupClass.cpp(1,1): warning C4828: 파일에 0x164 오프셋에서 시작하는 문자가 포함되어 있습니다. 이 문자는 현재 원본 문자 집합에서 잘못된 문자입니다(코드 페이지 65001).
C:\Users\KOSTA\Desktop\git_library\Library_project (3) (1)\signupClass.cpp(1,1): warning C4828: 파일에 0x165 오프셋에서 시작하는 문자가 포함되어 있습니다. 이 문자는 현재 원본 문자 집합에서 잘못된 문자입니다(코드 페이지 65001).
C:\Users\KOSTA\Desktop\git_library\Library_project (3) (1)\signupClass.cpp(1,1): warning C4828: 파일에 0x169 오프셋에서 시작하는 문자가 포함되어 있습니다. 이 문자는 현재 원본 문자 집합에서 잘못된 문자입니다(코드 페이지 65001).
C:\Users\KOSTA\Desktop\git_library\Library_project (3) (1)\signupClass.cpp(1,1): warning C4828: 파일에 0x16a 오프셋에서 시작하는 문자가 포함되어 있습니다. 이 문자는 현재 원본 문자 집합에서 잘못된 문자입니다(코드 페이지 65001).
C:\Users\KOSTA\Desktop\git_library\Library_project (3) (1)\signupClass.cpp(1,1): warning C4828: 파일에 0x16b 오프셋에서 시작하는 문자가 포함되어 있습니다. 이 문자는 현재 원본 문자 집합에서 잘못된 문자입니다(코드 페이지 65001).
C:\Users\KOSTA\Desktop\git_library\Library_project (3) (1)\signupClass.cpp(1,1): warning C4828: 파일에 0x16d 오프셋에서 시작하는 문자가 포함되어 있습니다. 이 문자는 현재 원본 문자 집합에서 잘못된 문자입니다(코드 페이지 65001).
C:\Users\KOSTA\Desktop\git_library\Library_project (3) (1)\signupClass.cpp(1,1): warning C4828: 파일에 0x16e 오프셋에서 시작하는 문자가 포함되어 있습니다. 이 문자는 현재 원본 문자 집합에서 잘못된 문자입니다(코드 페이지 65001).
C:\Users\KOSTA\Desktop\git_library\Library_project (3) (1)\signupClass.cpp(1,1): warning C4828: 파일에 0x170 오프셋에서 시작하는 문자가 포함되어 있습니다. 이 문자는 현재 원본 문자 집합에서 잘못된 문자입니다(코드 페이지 65001).
C:\Users\KOSTA\Desktop\git_library\Library_project (3) (1)\signupClass.cpp(1,1): warning C4828: 파일에 0x176 오프셋에서 시작하는 문자가 포함되어 있습니다. 이 문자는 현재 원본 문자 집합에서 잘못된 문자입니다(코드 페이지 65001).
C:\Users\KOSTA\Desktop\git_library\Library_project (3) (1)\signupClass.cpp(1,1): warning C4828: 파일에 0x178 오프셋에서 시작하는 문자가 포함되어 있습니다. 이 문자는 현재 원본 문자 집합에서 잘못된 문자입니다(코드 페이지 65001).
C:\Users\KOSTA\Desktop\git_library\Library_project (3) (1)\signupClass.cpp(1,1): warning C4828: 파일에 0x179 오프셋에서 시작하는 문자가 포함되어 있습니다. 이 문자는 현재 원본 문자 집합에서 잘못된 문자입니다(코드 페이지 65001).
C:\Users\KOSTA\Desktop\git_library\Library_project (3) (1)\signupClass.cpp(1,1): warning C4828: 파일에 0x17c 오프셋에서 시작하는 문자가 포함되어 있습니다. 이 문자는 현재 원본 문자 집합에서 잘못된 문자입니다(코드 페이지 65001).
C:\Users\KOSTA\Desktop\git_library\Library_project (3) (1)\signupClass.cpp(1,1): warning C4828: 파일에 0x17d 오프셋에서 시작하는 문자가 포함되어 있습니다. 이 문자는 현재 원본 문자 집합에서 잘못된 문자입니다(코드 페이지 65001).
C:\Users\KOSTA\Desktop\git_library\Library_project (3) (1)\signupClass.cpp(1,1): warning C4828: 파일에 0x180 오프셋에서 시작하는 문자가 포함되어 있습니다. 이 문자는 현재 원본 문자 집합에서 잘못된 문자입니다(코드 페이지 65001).
C:\Users\KOSTA\Desktop\git_library\Library_project (3) (1)\signupClass.cpp(1,1): warning C4828: 파일에 0x182 오프셋에서 시작하는 문자가 포함되어 있습니다. 이 문자는 현재 원본 문자 집합에서 잘못된 문자입니다(코드 페이지 65001).
C:\Users\KOSTA\Desktop\git_library\Library_project (3) (1)\signupClass.cpp(1,1): warning C4828: 파일에 0x183 오프셋에서 시작하는 문자가 포함되어 있습니다. 이 문자는 현재 원본 문자 집합에서 잘못된 문자입니다(코드 페이지 65001).
C:\Users\KOSTA\Desktop\git_library\Library_project (3) (1)\signupClass.cpp(1,1): warning C4828: 파일에 0x186 오프셋에서 시작하는 문자가 포함되어 있습니다. 이 문자는 현재 원본 문자 집합에서 잘못된 문자입니다(코드 페이지 65001).
C:\Users\KOSTA\Desktop\git_library\Library_project (3) (1)\signupClass.cpp(1,1): warning C4828: 파일에 0x189 오프셋에서 시작하는 문자가 포함되어 있습니다. 이 문자는 현재 원본 문자 집합에서 잘못된 문자입니다(코드 페이지 65001).
C:\Users\KOSTA\Desktop\git_library\Library_project (3) (1)\signupClass.cpp(1,1): warning C4828: 파일에 0x18a 오프셋에서 시작하는 문자가 포함되어 있습니다. 이 문자는 현재 원본 문자 집합에서 잘못된 문자입니다(코드 페이지 65001).
C:\Users\KOSTA\Desktop\git_library\Library_project (3) (1)\signupClass.cpp(1,1): warning C4828: 파일에 0x200 오프셋에서 시작하는 문자가 포함되어 있습니다. 이 문자는 현재 원본 문자 집합에서 잘못된 문자입니다(코드 페이지 65001).
C:\Users\KOSTA\Desktop\git_library\Library_project (3) (1)\signupClass.cpp(1,1): warning C4828: 파일에 0x201 오프셋에서 시작하는 문자가 포함되어 있습니다. 이 문자는 현재 원본 문자 집합에서 잘못된 문자입니다(코드 페이지 65001).
C:\Users\KOSTA\Desktop\git_library\Library_project (3) (1)\signupClass.cpp(1,1): warning C4828: 파일에 0x202 오프셋에서 시작하는 문자가 포함되어 있습니다. 이 문자는 현재 원본 문자 집합에서 잘못된 문자입니다(코드 페이지 65001).
C:\Users\KOSTA\Desktop\git_library\Library_project (3) (1)\signupClass.cpp(1,1): warning C4828: 파일에 0x203 오프셋에서 시작하는 문자가 포함되어 있습니다. 이 문자는 현재 원본 문자 집합에서 잘못된 문자입니다(코드 페이지 65001).
C:\Users\KOSTA\Desktop\git_library\Library_project (3) (1)\signupClass.cpp(1,1): warning C4828: 파일에 0x206 오프셋에서 시작하는 문자가 포함되어 있습니다. 이 문자는 현재 원본 문자 집합에서 잘못된 문자입니다(코드 페이지 65001).
C:\Users\KOSTA\Desktop\git_library\Library_project (3) (1)\signupClass.cpp(1,1): warning C4828: 파일에 0x207 오프셋에서 시작하는 문자가 포함되어 있습니다. 이 문자는 현재 원본 문자 집합에서 잘못된 문자입니다(코드 페이지 65001).
C:\Users\KOSTA\Desktop\git_library\Library_project (3) (1)\signupClass.cpp(1,1): warning C4828: 파일에 0x209 오프셋에서 시작하는 문자가 포함되어 있습니다. 이 문자는 현재 원본 문자 집합에서 잘못된 문자입니다(코드 페이지 65001).
C:\Users\KOSTA\Desktop\git_library\Library_project (3) (1)\signupClass.cpp(1,1): warning C4828: 파일에 0x20a 오프셋에서 시작하는 문자가 포함되어 있습니다. 이 문자는 현재 원본 문자 집합에서 잘못된 문자입니다(코드 페이지 65001).
C:\Users\KOSTA\Desktop\git_library\Library_project (3) (1)\signupClass.cpp(1,1): warning C4828: 파일에 0x20b 오프셋에서 시작하는 문자가 포함되어 있습니다. 이 문자는 현재 원본 문자 집합에서 잘못된 문자입니다(코드 페이지 65001).
C:\Users\KOSTA\Desktop\git_library\Library_project (3) (1)\signupClass.cpp(1,1): warning C4828: 파일에 0x210 오프셋에서 시작하는 문자가 포함되어 있습니다. 이 문자는 현재 원본 문자 집합에서 잘못된 문자입니다(코드 페이지 65001).
C:\Users\KOSTA\Desktop\git_library\Library_project (3) (1)\signupClass.cpp(1,1): warning C4828: 파일에 0x212 오프셋에서 시작하는 문자가 포함되어 있습니다. 이 문자는 현재 원본 문자 집합에서 잘못된 문자입니다(코드 페이지 65001).
C:\Users\KOSTA\Desktop\git_library\Library_project (3) (1)\signupClass.cpp(1,1): warning C4828: 파일에 0x215 오프셋에서 시작하는 문자가 포함되어 있습니다. 이 문자는 현재 원본 문자 집합에서 잘못된 문자입니다(코드 페이지 65001).
C:\Users\KOSTA\Desktop\git_library\Library_project (3) (1)\signupClass.cpp(1,1): warning C4828: 파일에 0x37b 오프셋에서 시작하는 문자가 포함되어 있습니다. 이 문자는 현재 원본 문자 집합에서 잘못된 문자입니다(코드 페이지 65001).
C:\Users\KOSTA\Desktop\git_library\Library_project (3) (1)\signupClass.cpp(1,1): warning C4828: 파일에 0x37c 오프셋에서 시작하는 문자가 포함되어 있습니다. 이 문자는 현재 원본 문자 집합에서 잘못된 문자입니다(코드 페이지 65001).
C:\Users\KOSTA\Desktop\git_library\Library_project (3) (1)\signupClass.cpp(1,1): warning C4828: 파일에 0x37d 오프셋에서 시작하는 문자가 포함되어 있습니다. 이 문자는 현재 원본 문자 집합에서 잘못된 문자입니다(코드 페이지 65001).
C:\Users\KOSTA\Desktop\git_library\Library_project (3) (1)\signupClass.cpp(1,1): warning C4828: 파일에 0x37e 오프셋에서 시작하는 문자가 포함되어 있습니다. 이 문자는 현재 원본 문자 집합에서 잘못된 문자입니다(코드 페이지 65001).
C:\Users\KOSTA\Desktop\git_library\Library_project (3) (1)\signupClass.cpp(1,1): warning C4828: 파일에 0x381 오프셋에서 시작하는 문자가 포함되어 있습니다. 이 문자는 현재 원본 문자 집합에서 잘못된 문자입니다(코드 페이지 65001).
C:\Users\KOSTA\Desktop\git_library\Library_project (3) (1)\signupClass.cpp(1,1): warning C4828: 파일에 0x382 오프셋에서 시작하는 문자가 포함되어 있습니다. 이 문자는 현재 원본 문자 집합에서 잘못된 문자입니다(코드 페이지 65001).
C:\Users\KOSTA\Desktop\git_library\Library_project (3) (1)\signupClass.cpp(1,1): warning C4828: 파일에 0x388 오프셋에서 시작하는 문자가 포함되어 있습니다. 이 문자는 현재 원본 문자 집합에서 잘못된 문자입니다(코드 페이지 65001).
C:\Users\KOSTA\Desktop\git_library\Library_project (3) (1)\signupClass.cpp(1,1): warning C4828: 파일에 0x38a 오프셋에서 시작하는 문자가 포함되어 있습니다. 이 문자는 현재 원본 문자 집합에서 잘못된 문자입니다(코드 페이지 65001).
C:\Users\KOSTA\Desktop\git_library\Library_project (3) (1)\signupClass.cpp(1,1): warning C4828: 파일에 0x38b 오프셋에서 시작하는 문자가 포함되어 있습니다. 이 문자는 현재 원본 문자 집합에서 잘못된 문자입니다(코드 페이지 65001).
C:\Users\KOSTA\Desktop\git_library\Library_project (3) (1)\signupClass.cpp(1,1): warning C4828: 파일에 0x38d 오프셋에서 시작하는 문자가 포함되어 있습니다. 이 문자는 현재 원본 문자 집합에서 잘못된 문자입니다(코드 페이지 65001).
C:\Users\KOSTA\Desktop\git_library\Library_project (3) (1)\signupClass.cpp(1,1): warning C4828: 파일에 0x38e 오프셋에서 시작하는 문자가 포함되어 있습니다. 이 문자는 현재 원본 문자 집합에서 잘못된 문자입니다(코드 페이지 65001).
C:\Users\KOSTA\Desktop\git_library\Library_project (3) (1)\signupClass.cpp(1,1): warning C4828: 파일에 0x38f 오프셋에서 시작하는 문자가 포함되어 있습니다. 이 문자는 현재 원본 문자 집합에서 잘못된 문자입니다(코드 페이지 65001).
C:\Users\KOSTA\Desktop\git_library\Library_project (3) (1)\signupClass.cpp(1,1): warning C4828: 파일에 0x390 오프셋에서 시작하는 문자가 포함되어 있습니다. 이 문자는 현재 원본 문자 집합에서 잘못된 문자입니다(코드 페이지 65001).
C:\Users\KOSTA\Desktop\git_library\Library_project (3) (1)\signupClass.cpp(1,1): warning C4828: 파일에 0x392 오프셋에서 시작하는 문자가 포함되어 있습니다. 이 문자는 현재 원본 문자 집합에서 잘못된 문자입니다(코드 페이지 65001).
C:\Users\KOSTA\Desktop\git_library\Library_project (3) (1)\signupClass.cpp(1,1): warning C4828: 파일에 0x393 오프셋에서 시작하는 문자가 포함되어 있습니다. 이 문자는 현재 원본 문자 집합에서 잘못된 문자입니다(코드 페이지 65001).
C:\Users\KOSTA\Desktop\git_library\Library_project (3) (1)\signupClass.cpp(1,1): warning C4828: 파일에 0x3f4 오프셋에서 시작하는 문자가 포함되어 있습니다. 이 문자는 현재 원본 문자 집합에서 잘못된 문자입니다(코드 페이지 65001).
C:\Users\KOSTA\Desktop\git_library\Library_project (3) (1)\signupClass.cpp(1,1): warning C4828: 파일에 0x3f5 오프셋에서 시작하는 문자가 포함되어 있습니다. 이 문자는 현재 원본 문자 집합에서 잘못된 문자입니다(코드 페이지 65001).
C:\Users\KOSTA\Desktop\git_library\Library_project (3) (1)\signupClass.cpp(1,1): warning C4828: 파일에 0x3f7 오프셋에서 시작하는 문자가 포함되어 있습니다. 이 문자는 현재 원본 문자 집합에서 잘못된 문자입니다(코드 페이지 65001).
C:\Users\KOSTA\Desktop\git_library\Library_project (3) (1)\signupClass.cpp(1,1): warning C4828: 파일에 0x3fa 오프셋에서 시작하는 문자가 포함되어 있습니다. 이 문자는 현재 원본 문자 집합에서 잘못된 문자입니다(코드 페이지 65001).
C:\Users\KOSTA\Desktop\git_library\Library_project (3) (1)\signupClass.cpp(1,1): warning C4828: 파일에 0x3fd 오프셋에서 시작하는 문자가 포함되어 있습니다. 이 문자는 현재 원본 문자 집합에서 잘못된 문자입니다(코드 페이지 65001).
C:\Users\KOSTA\Desktop\git_library\Library_project (3) (1)\signupClass.cpp(1,1): warning C4828: 파일에 0x406 오프셋에서 시작하는 문자가 포함되어 있습니다. 이 문자는 현재 원본 문자 집합에서 잘못된 문자입니다(코드 페이지 65001).
C:\Users\KOSTA\Desktop\git_library\Library_project (3) (1)\signupClass.cpp(1,1): warning C4828: 파일에 0x407 오프셋에서 시작하는 문자가 포함되어 있습니다. 이 문자는 현재 원본 문자 집합에서 잘못된 문자입니다(코드 페이지 65001).
C:\Users\KOSTA\Desktop\git_library\Library_project (3) (1)\signupClass.cpp(1,1): warning C4828: 파일에 0x408 오프셋에서 시작하는 문자가 포함되어 있습니다. 이 문자는 현재 원본 문자 집합에서 잘못된 문자입니다(코드 페이지 65001).
C:\Users\KOSTA\Desktop\git_library\Library_project (3) (1)\signupClass.cpp(1,1): warning C4828: 파일에 0x409 오프셋에서 시작하는 문자가 포함되어 있습니다. 이 문자는 현재 원본 문자 집합에서 잘못된 문자입니다(코드 페이지 65001).
C:\Users\KOSTA\Desktop\git_library\Library_project (3) (1)\signupClass.cpp(1,1): warning C4828: 파일에 0x40b 오프셋에서 시작하는 문자가 포함되어 있습니다. 이 문자는 현재 원본 문자 집합에서 잘못된 문자입니다(코드 페이지 65001).
C:\Users\KOSTA\Desktop\git_library\Library_project (3) (1)\signupClass.cpp(1,1): warning C4828: 파일에 0x40c 오프셋에서 시작하는 문자가 포함되어 있습니다. 이 문자는 현재 원본 문자 집합에서 잘못된 문자입니다(코드 페이지 65001).
  main.cpp
C:\Users\KOSTA\Desktop\git_library\Library_project (3) (1)\signupClass.cpp(1,1): warning C4828: 파일에 0x522 오프셋에서 시작하는 문자가 포함되어 있습니다. 이 문자는 현재 원본 문자 집합에서 잘못된 문자입니다(코드 페이지 65001).
C:\Users\KOSTA\Desktop\git_library\Library_project (3) (1)\signupClass.cpp(1,1): warning C4828: 파일에 0x525 오프셋에서 시작하는 문자가 포함되어 있습니다. 이 문자는 현재 원본 문자 집합에서 잘못된 문자입니다(코드 페이지 65001).
C:\Users\KOSTA\Desktop\git_library\Library_project (3) (1)\signupClass.cpp(1,1): warning C4828: 파일에 0x528 오프셋에서 시작하는 문자가 포함되어 있습니다. 이 문자는 현재 원본 문자 집합에서 잘못된 문자입니다(코드 페이지 65001).
C:\Users\KOSTA\Desktop\git_library\Library_project (3) (1)\signupClass.cpp(1,1): warning C4828: 파일에 0x529 오프셋에서 시작하는 문자가 포함되어 있습니다. 이 문자는 현재 원본 문자 집합에서 잘못된 문자입니다(코드 페이지 65001).
C:\Users\KOSTA\Desktop\git_library\Library_project (3) (1)\signupClass.cpp(1,1): warning C4828: 파일에 0x597 오프셋에서 시작하는 문자가 포함되어 있습니다. 이 문자는 현재 원본 문자 집합에서 잘못된 문자입니다(코드 페이지 65001).
C:\Users\KOSTA\Desktop\git_library\Library_project (3) (1)\signupClass.cpp(1,1): warning C4828: 파일에 0x598 오프셋에서 시작하는 문자가 포함되어 있습니다. 이 문자는 현재 원본 문자 집합에서 잘못된 문자입니다(코드 페이지 65001).
C:\Users\KOSTA\Desktop\git_library\Library_project (3) (1)\signupClass.cpp(1,1): warning C4828: 파일에 0x599 오프셋에서 시작하는 문자가 포함되어 있습니다. 이 문자는 현재 원본 문자 집합에서 잘못된 문자입니다(코드 페이지 65001).
C:\Users\KOSTA\Desktop\git_library\Library_project (3) (1)\signupClass.cpp(1,1): warning C4828: 파일에 0x59a 오프셋에서 시작하는 문자가 포함되어 있습니다. 이 문자는 현재 원본 문자 집합에서 잘못된 문자입니다(코드 페이지 65001).
C:\Users\KOSTA\Desktop\git_library\Library_project (3) (1)\signupClass.cpp(1,1): warning C4828: 파일에 0x59d 오프셋에서 시작하는 문자가 포함되어 있습니다. 이 문자는 현재 원본 문자 집합에서 잘못된 문자입니다(코드 페이지 65001).
C:\Users\KOSTA\Desktop\git_library\Library_project (3) (1)\signupClass.cpp(1,1): warning C4828: 파일에 0x59e 오프셋에서 시작하는 문자가 포함되어 있습니다. 이 문자는 현재 원본 문자 집합에서 잘못된 문자입니다(코드 페이지 65001).
C:\Users\KOSTA\Desktop\git_library\Library_project (3) (1)\signupClass.cpp(1,1): warning C4828: 파일에 0x5a0 오프셋에서 시작하는 문자가 포함되어 있습니다. 이 문자는 현재 원본 문자 집합에서 잘못된 문자입니다(코드 페이지 65001).
C:\Users\KOSTA\Desktop\git_library\Library_project (3) (1)\signupClass.cpp(1,1): warning C4828: 파일에 0x5a1 오프셋에서 시작하는 문자가 포함되어 있습니다. 이 문자는 현재 원본 문자 집합에서 잘못된 문자입니다(코드 페이지 65001).
C:\Users\KOSTA\Desktop\git_library\Library_project (3) (1)\signupClass.cpp(1,1): warning C4828: 파일에 0x5a2 오프셋에서 시작하는 문자가 포함되어 있습니다. 이 문자는 현재 원본 문자 집합에서 잘못된 문자입니다(코드 페이지 65001).
C:\Users\KOSTA\Desktop\git_library\Library_project (3) (1)\signupClass.cpp(1,1): warning C4828: 파일에 0x5a3 오프셋에서 시작하는 문자가 포함되어 있습니다. 이 문자는 현재 원본 문자 집합에서 잘못된 문자입니다(코드 페이지 65001).
C:\Users\KOSTA\Desktop\git_library\Library_project (3) (1)\signupClass.cpp(1,1): warning C4828: 파일에 0x5a4 오프셋에서 시작하는 문자가 포함되어 있습니다. 이 문자는 현재 원본 문자 집합에서 잘못된 문자입니다(코드 페이지 65001).
C:\Users\KOSTA\Desktop\git_library\Library_project (3) (1)\signupClass.cpp(1,1): warning C4828: 파일에 0x5a5 오프셋에서 시작하는 문자가 포함되어 있습니다. 이 문자는 현재 원본 문자 집합에서 잘못된 문자입니다(코드 페이지 65001).
C:\Users\KOSTA\Desktop\git_library\Library_project (3) (1)\signupClass.cpp(1,1): warning C4828: 파일에 0x5a8 오프셋에서 시작하는 문자가 포함되어 있습니다. 이 문자는 현재 원본 문자 집합에서 잘못된 문자입니다(코드 페이지 65001).
C:\Users\KOSTA\Desktop\git_library\Library_project (3) (1)\signupClass.cpp(1,1): warning C4828: 파일에 0x5ab 오프셋에서 시작하는 문자가 포함되어 있습니다. 이 문자는 현재 원본 문자 집합에서 잘못된 문자입니다(코드 페이지 65001).
C:\Users\KOSTA\Desktop\git_library\Library_project (3) (1)\signupClass.cpp(1,1): warning C4828: 파일에 0x602 오프셋에서 시작하는 문자가 포함되어 있습니다. 이 문자는 현재 원본 문자 집합에서 잘못된 문자입니다(코드 페이지 65001).
C:\Users\KOSTA\Desktop\git_library\Library_project (3) (1)\signupClass.cpp(1,1): warning C4828: 파일에 0x603 오프셋에서 시작하는 문자가 포함되어 있습니다. 이 문자는 현재 원본 문자 집합에서 잘못된 문자입니다(코드 페이지 65001).
C:\Users\KOSTA\Desktop\git_library\Library_project (3) (1)\signupClass.cpp(1,1): warning C4828: 파일에 0x607 오프셋에서 시작하는 문자가 포함되어 있습니다. 이 문자는 현재 원본 문자 집합에서 잘못된 문자입니다(코드 페이지 65001).
C:\Users\KOSTA\Desktop\git_library\Library_project (3) (1)\signupClass.cpp(1,1): warning C4828: 파일에 0x60c 오프셋에서 시작하는 문자가 포함되어 있습니다. 이 문자는 현재 원본 문자 집합에서 잘못된 문자입니다(코드 페이지 65001).
C:\Users\KOSTA\Desktop\git_library\Library_project (3) (1)\signupClass.cpp(1,1): warning C4828: 파일에 0x60e 오프셋에서 시작하는 문자가 포함되어 있습니다. 이 문자는 현재 원본 문자 집합에서 잘못된 문자입니다(코드 페이지 65001).
C:\Users\KOSTA\Desktop\git_library\Library_project (3) (1)\signupClass.cpp(1,1): warning C4828: 파일에 0x60f 오프셋에서 시작하는 문자가 포함되어 있습니다. 이 문자는 현재 원본 문자 집합에서 잘못된 문자입니다(코드 페이지 65001).
C:\Users\KOSTA\Desktop\git_library\Library_project (3) (1)\signupClass.cpp(1,1): warning C4828: 파일에 0x613 오프셋에서 시작하는 문자가 포함되어 있습니다. 이 문자는 현재 원본 문자 집합에서 잘못된 문자입니다(코드 페이지 65001).
C:\Users\KOSTA\Desktop\git_library\Library_project (3) (1)\signupClass.cpp(1,1): warning C4828: 파일에 0x618 오프셋에서 시작하는 문자가 포함되어 있습니다. 이 문자는 현재 원본 문자 집합에서 잘못된 문자입니다(코드 페이지 65001).
C:\Users\KOSTA\Desktop\git_library\Library_project (3) (1)\signupClass.cpp(1,1): warning C4828: 파일에 0x619 오프셋에서 시작하는 문자가 포함되어 있습니다. 이 문자는 현재 원본 문자 집합에서 잘못된 문자입니다(코드 페이지 65001).
C:\Users\KOSTA\Desktop\git_library\Library_project (3) (1)\signupClass.cpp(1,1): warning C4828: 파일에 0x61b 오프셋에서 시작하는 문자가 포함되어 있습니다. 이 문자는 현재 원본 문자 집합에서 잘못된 문자입니다(코드 페이지 65001).
C:\Users\KOSTA\Desktop\git_library\Library_project (3) (1)\signupClass.cpp(1,1): warning C4828: 파일에 0x622 오프셋에서 시작하는 문자가 포함되어 있습니다. 이 문자는 현재 원본 문자 집합에서 잘못된 문자입니다(코드 페이지 65001).
C:\Users\KOSTA\Desktop\git_library\Library_project (3) (1)\signupClass.cpp(1,1): warning C4828: 파일에 0x624 오프셋에서 시작하는 문자가 포함되어 있습니다. 이 문자는 현재 원본 문자 집합에서 잘못된 문자입니다(코드 페이지 65001).
C:\Users\KOSTA\Desktop\git_library\Library_project (3) (1)\signupClass.cpp(1,1): warning C4828: 파일에 0x625 오프셋에서 시작하는 문자가 포함되어 있습니다. 이 문자는 현재 원본 문자 집합에서 잘못된 문자입니다(코드 페이지 65001).
C:\Users\KOSTA\Desktop\git_library\Library_project (3) (1)\signupClass.cpp(1,1): warning C4828: 파일에 0x626 오프셋에서 시작하는 문자가 포함되어 있습니다. 이 문자는 현재 원본 문자 집합에서 잘못된 문자입니다(코드 페이지 65001).
C:\Users\KOSTA\Desktop\git_library\Library_project (3) (1)\signupClass.cpp(1,1): warning C4828: 파일에 0x627 오프셋에서 시작하는 문자가 포함되어 있습니다. 이 문자는 현재 원본 문자 집합에서 잘못된 문자입니다(코드 페이지 65001).
C:\Users\KOSTA\Desktop\git_library\Library_project (3) (1)\signupClass.cpp(1,1): warning C4828: 파일에 0x629 오프셋에서 시작하는 문자가 포함되어 있습니다. 이 문자는 현재 원본 문자 집합에서 잘못된 문자입니다(코드 페이지 65001).
C:\Users\KOSTA\Desktop\git_library\Library_project (3) (1)\signupClass.cpp(1,1): warning C4828: 파일에 0x62c 오프셋에서 시작하는 문자가 포함되어 있습니다. 이 문자는 현재 원본 문자 집합에서 잘못된 문자입니다(코드 페이지 65001).
C:\Users\KOSTA\Desktop\git_library\Library_project (3) (1)\signupClass.cpp(1,1): warning C4828: 파일에 0x62d 오프셋에서 시작하는 문자가 포함되어 있습니다. 이 문자는 현재 원본 문자 집합에서 잘못된 문자입니다(코드 페이지 65001).
C:\Users\KOSTA\Desktop\git_library\Library_project (3) (1)\signupClass.cpp(1,1): warning C4828: 파일에 0x62e 오프셋에서 시작하는 문자가 포함되어 있습니다. 이 문자는 현재 원본 문자 집합에서 잘못된 문자입니다(코드 페이지 65001).
C:\Users\KOSTA\Desktop\git_library\Library_project (3) (1)\signupClass.cpp(1,1): warning C4828: 파일에 0x631 오프셋에서 시작하는 문자가 포함되어 있습니다. 이 문자는 현재 원본 문자 집합에서 잘못된 문자입니다(코드 페이지 65001).
C:\Users\KOSTA\Desktop\git_library\Library_project (3) (1)\signupClass.cpp(1,1): warning C4828: 파일에 0x7e4 오프셋에서 시작하는 문자가 포함되어 있습니다. 이 문자는 현재 원본 문자 집합에서 잘못된 문자입니다(코드 페이지 65001).
C:\Users\KOSTA\Desktop\git_library\Library_project (3) (1)\signupClass.cpp(1,1): warning C4828: 파일에 0x7e7 오프셋에서 시작하는 문자가 포함되어 있습니다. 이 문자는 현재 원본 문자 집합에서 잘못된 문자입니다(코드 페이지 65001).
C:\Users\KOSTA\Desktop\git_library\Library_project (3) (1)\signupClass.cpp(1,1): warning C4828: 파일에 0x7ea 오프셋에서 시작하는 문자가 포함되어 있습니다. 이 문자는 현재 원본 문자 집합에서 잘못된 문자입니다(코드 페이지 65001).
C:\Users\KOSTA\Desktop\git_library\Library_project (3) (1)\signupClass.cpp(1,1): warning C4828: 파일에 0x7eb 오프셋에서 시작하는 문자가 포함되어 있습니다. 이 문자는 현재 원본 문자 집합에서 잘못된 문자입니다(코드 페이지 65001).
C:\Users\KOSTA\Desktop\git_library\Library_project (3) (1)\signupClass.cpp(1,1): warning C4828: 파일에 0xa5b 오프셋에서 시작하는 문자가 포함되어 있습니다. 이 문자는 현재 원본 문자 집합에서 잘못된 문자입니다(코드 페이지 65001).
C:\Users\KOSTA\Desktop\git_library\Library_project (3) (1)\signupClass.cpp(1,1): warning C4828: 파일에 0xa5e 오프셋에서 시작하는 문자가 포함되어 있습니다. 이 문자는 현재 원본 문자 집합에서 잘못된 문자입니다(코드 페이지 65001).
C:\Users\KOSTA\Desktop\git_library\Library_project (3) (1)\signupClass.cpp(1,1): warning C4828: 파일에 0xa62 오프셋에서 시작하는 문자가 포함되어 있습니다. 이 문자는 현재 원본 문자 집합에서 잘못된 문자입니다(코드 페이지 65001).
C:\Users\KOSTA\Desktop\git_library\Library_project (3) (1)\signupClass.cpp(1,1): warning C4828: 파일에 0xa67 오프셋에서 시작하는 문자가 포함되어 있습니다. 이 문자는 현재 원본 문자 집합에서 잘못된 문자입니다(코드 페이지 65001).
C:\Users\KOSTA\Desktop\git_library\Library_project (3) (1)\signupClass.cpp(1,1): warning C4828: 파일에 0xa6a 오프셋에서 시작하는 문자가 포함되어 있습니다. 이 문자는 현재 원본 문자 집합에서 잘못된 문자입니다(코드 페이지 65001).
C:\Users\KOSTA\Desktop\git_library\Library_project (3) (1)\signupClass.cpp(1,1): warning C4828: 파일에 0xa6e 오프셋에서 시작하는 문자가 포함되어 있습니다. 이 문자는 현재 원본 문자 집합에서 잘못된 문자입니다(코드 페이지 65001).
C:\Users\KOSTA\Desktop\git_library\Library_project (3) (1)\signupClass.cpp(1,1): warning C4828: 파일에 0xa71 오프셋에서 시작하는 문자가 포함되어 있습니다. 이 문자는 현재 원본 문자 집합에서 잘못된 문자입니다(코드 페이지 65001).
C:\Users\KOSTA\Desktop\git_library\Library_project (3) (1)\signupClass.cpp(1,1): warning C4828: 파일에 0xa73 오프셋에서 시작하는 문자가 포함되어 있습니다. 이 문자는 현재 원본 문자 집합에서 잘못된 문자입니다(코드 페이지 65001).
C:\Users\KOSTA\Desktop\git_library\Library_project (3) (1)\signupClass.cpp(1,1): warning C4828: 파일에 0xa76 오프셋에서 시작하는 문자가 포함되어 있습니다. 이 문자는 현재 원본 문자 집합에서 잘못된 문자입니다(코드 페이지 65001).
C:\Users\KOSTA\Desktop\git_library\Library_project (3) (1)\signupClass.cpp(1,1): warning C4828: 파일에 0xb11 오프셋에서 시작하는 문자가 포함되어 있습니다. 이 문자는 현재 원본 문자 집합에서 잘못된 문자입니다(코드 페이지 65001).
C:\Users\KOSTA\Desktop\git_library\Library_project (3) (1)\signupClass.cpp(1,1): warning C4828: 파일에 0xb12 오프셋에서 시작하는 문자가 포함되어 있습니다. 이 문자는 현재 원본 문자 집합에서 잘못된 문자입니다(코드 페이지 65001).
C:\Users\KOSTA\Desktop\git_library\Library_project (3) (1)\signupClass.cpp(1,1): warning C4828: 파일에 0xb16 오프셋에서 시작하는 문자가 포함되어 있습니다. 이 문자는 현재 원본 문자 집합에서 잘못된 문자입니다(코드 페이지 65001).
  qrc_Library_project.cpp
  moc_Library_project.cpp
  moc_borrowClass.cpp
  moc_loginClass.cpp
  moc_selectClass.cpp
  moc_bookinfoClass.cpp
  moc_requestClass.cpp
  moc_signupClass.cpp
  moc_administratorClass.cpp
  moc_adLoginClass.cpp
  moc_AddBookClass.cpp
  moc_DeleteBookClass.cpp
  moc_returnBookClass.cpp
  LINK : C:\Users\KOSTA\Desktop\git_library\Library_project (3) (1)\x64\Debug\Library_project.exe을(를) 찾을 수 없거나 마지막 증분 링크에 의해 빌드되지 않았습니다. 전체 링크를 수행하고 있습니다.
  Library_project.vcxproj -> C:\Users\KOSTA\Desktop\git_library\Library_project (3) (1)\x64\Debug\Library_project.exe
