c:\users\kosta\source\repos\library_project (3)\x64\debug\deletebookclass.obj
c:\users\kosta\source\repos\library_project (3)\x64\debug\main.obj
c:\users\kosta\source\repos\library_project (3)\x64\debug\selectclass.obj
c:\users\kosta\source\repos\library_project (3)\x64\debug\requestclass.obj
c:\users\kosta\source\repos\library_project (3)\x64\debug\signupclass.obj
c:\users\kosta\source\repos\library_project (3)\x64\debug\returnbookclass.obj
c:\users\kosta\source\repos\library_project (3)\x64\debug\library_project.obj
c:\users\kosta\source\repos\library_project (3)\x64\debug\addbookclass.obj
c:\users\kosta\source\repos\library_project (3)\x64\debug\borrowclass.obj
c:\users\kosta\source\repos\library_project (3)\x64\debug\bookinfoclass.obj
c:\users\kosta\source\repos\library_project (3)\x64\debug\adloginclass.obj
c:\users\kosta\source\repos\library_project (3)\x64\debug\loginclass.obj
c:\users\kosta\source\repos\library_project (3)\x64\debug\administratorclass.obj
c:\users\kosta\source\repos\library_project (3)\x64\debug\vc143.pdb
c:\users\kosta\source\repos\library_project (3)\x64\debug\moc_selectclass.obj
c:\users\kosta\source\repos\library_project (3)\x64\debug\moc_bookinfoclass.obj
c:\users\kosta\source\repos\library_project (3)\x64\debug\moc_deletebookclass.obj
c:\users\kosta\source\repos\library_project (3)\x64\debug\moc_borrowclass.obj
c:\users\kosta\source\repos\library_project (3)\x64\debug\moc_library_project.obj
c:\users\kosta\source\repos\library_project (3)\x64\debug\qrc_library_project.obj
c:\users\kosta\source\repos\library_project (3)\x64\debug\moc_administratorclass.obj
c:\users\kosta\source\repos\library_project (3)\x64\debug\moc_returnbookclass.obj
c:\users\kosta\source\repos\library_project (3)\x64\debug\moc_signupclass.obj
c:\users\kosta\source\repos\library_project (3)\x64\debug\moc_addbookclass.obj
c:\users\kosta\source\repos\library_project (3)\x64\debug\moc_requestclass.obj
c:\users\kosta\source\repos\library_project (3)\x64\debug\moc_adloginclass.obj
c:\users\kosta\source\repos\library_project (3)\x64\debug\moc_loginclass.obj
c:\users\kosta\source\repos\library_project\x64\debug\uic\ui_library_project.h
c:\users\kosta\source\repos\library_project\x64\debug\rcc\qrc_library_project.cpp
c:\users\kosta\source\repos\library_project\x64\debug\moc\moc_library_project.cpp
c:\users\kosta\source\repos\library_project\x64\debug\uic\ui_borrowclass.h
c:\users\kosta\source\repos\library_project\x64\debug\moc\moc_borrowclass.cpp
c:\users\kosta\source\repos\library_project\x64\debug\uic\ui_loginclass.h
c:\users\kosta\source\repos\library_project\x64\debug\moc\moc_loginclass.cpp
c:\users\kosta\source\repos\library_project\x64\debug\uic\ui_selectclass.h
c:\users\kosta\source\repos\library_project\x64\debug\moc\moc_selectclass.cpp
c:\users\kosta\source\repos\library_project\x64\debug\uic\ui_bookinfoclass.h
c:\users\kosta\source\repos\library_project\x64\debug\moc\moc_bookinfoclass.cpp
c:\users\kosta\source\repos\library_project\x64\debug\uic\ui_requestclass.h
c:\users\kosta\source\repos\library_project\x64\debug\moc\moc_requestclass.cpp
c:\users\kosta\source\repos\library_project\x64\debug\uic\ui_signupclass.h
c:\users\kosta\source\repos\library_project\x64\debug\moc\moc_signupclass.cpp
c:\users\kosta\source\repos\library_project\x64\debug\uic\ui_administratorclass.h
c:\users\kosta\source\repos\library_project\x64\debug\moc\moc_administratorclass.cpp
c:\users\kosta\source\repos\library_project\x64\debug\uic\ui_adloginclass.h
c:\users\kosta\source\repos\library_project\x64\debug\moc\moc_adloginclass.cpp
c:\users\kosta\source\repos\library_project\x64\debug\uic\ui_addbookclass.h
c:\users\kosta\source\repos\library_project\x64\debug\moc\moc_addbookclass.cpp
c:\users\kosta\source\repos\library_project\x64\debug\uic\ui_deletebookclass.h
c:\users\kosta\source\repos\library_project\x64\debug\moc\moc_deletebookclass.cpp
c:\users\kosta\desktop\library_project (3)\x64\debug\uic\ui_administratorclass.h
c:\users\kosta\desktop\library_project (3)\x64\debug\uic\ui_bookinfoclass.h
c:\users\kosta\desktop\library_project (3)\x64\debug\uic\ui_borrowclass.h
c:\users\kosta\desktop\library_project (3)\x64\debug\uic\ui_deletebookclass.h
c:\users\kosta\desktop\library_project (3)\x64\debug\uic\ui_library_project.h
c:\users\kosta\desktop\library_project (3)\x64\debug\uic\ui_selectclass.h
c:\users\kosta\desktop\library_project (3)\x64\debug\uic\ui_signupclass.h
c:\users\kosta\desktop\library_project (3)\x64\debug\moc\moc_borrowclass.cpp
c:\users\kosta\desktop\library_project (3)\x64\debug\moc\moc_loginclass.cpp
c:\users\kosta\desktop\library_project (3)\x64\debug\moc\moc_selectclass.cpp
c:\users\kosta\desktop\library_project (3)\x64\debug\moc\moc_bookinfoclass.cpp
c:\users\kosta\desktop\library_project (3)\x64\debug\moc\moc_signupclass.cpp
c:\users\kosta\desktop\library_project (3)\x64\debug\moc\moc_administratorclass.cpp
c:\users\kosta\desktop\library_project (3)\x64\debug\moc\moc_deletebookclass.cpp
c:\users\kosta\desktop\library_project (3)\x64\debug\uic\ui_addbookclass.h
c:\users\kosta\desktop\library_project (3)\x64\debug\uic\ui_adloginclass.h
c:\users\kosta\desktop\library_project (3)\x64\debug\uic\ui_loginclass.h
c:\users\kosta\desktop\library_project (3)\x64\debug\uic\ui_requestclass.h
c:\users\kosta\desktop\library_project (3)\x64\debug\rcc\qrc_library_project.cpp
c:\users\kosta\desktop\library_project (3)\x64\debug\moc\moc_library_project.cpp
c:\users\kosta\desktop\library_project (3)\x64\debug\moc\moc_requestclass.cpp
c:\users\kosta\desktop\library_project (3)\x64\debug\moc\moc_adloginclass.cpp
c:\users\kosta\desktop\library_project (3)\x64\debug\moc\moc_addbookclass.cpp
c:\users\kosta\desktop\library_project (3)\x64\debug\uic\ui_returnbookclass.h
c:\users\kosta\desktop\library_project (3)\x64\debug\moc\moc_returnbookclass.cpp
c:\users\kosta\source\repos\library_project (3)\x64\debug\uic\ui_administratorclass.h
c:\users\kosta\source\repos\library_project (3)\x64\debug\uic\ui_bookinfoclass.h
c:\users\kosta\source\repos\library_project (3)\x64\debug\uic\ui_borrowclass.h
c:\users\kosta\source\repos\library_project (3)\x64\debug\uic\ui_deletebookclass.h
c:\users\kosta\source\repos\library_project (3)\x64\debug\uic\ui_library_project.h
c:\users\kosta\source\repos\library_project (3)\x64\debug\uic\ui_returnbookclass.h
c:\users\kosta\source\repos\library_project (3)\x64\debug\uic\ui_signupclass.h
c:\users\kosta\source\repos\library_project (3)\x64\debug\moc\moc_borrowclass.cpp
c:\users\kosta\source\repos\library_project (3)\x64\debug\moc\moc_loginclass.cpp
c:\users\kosta\source\repos\library_project (3)\x64\debug\moc\moc_selectclass.cpp
c:\users\kosta\source\repos\library_project (3)\x64\debug\moc\moc_bookinfoclass.cpp
c:\users\kosta\source\repos\library_project (3)\x64\debug\moc\moc_signupclass.cpp
c:\users\kosta\source\repos\library_project (3)\x64\debug\moc\moc_administratorclass.cpp
c:\users\kosta\source\repos\library_project (3)\x64\debug\moc\moc_deletebookclass.cpp
c:\users\kosta\source\repos\library_project (3)\x64\debug\moc\moc_returnbookclass.cpp
c:\users\kosta\source\repos\library_project (3)\x64\debug\uic\ui_addbookclass.h
c:\users\kosta\source\repos\library_project (3)\x64\debug\uic\ui_adloginclass.h
c:\users\kosta\source\repos\library_project (3)\x64\debug\uic\ui_loginclass.h
c:\users\kosta\source\repos\library_project (3)\x64\debug\uic\ui_requestclass.h
c:\users\kosta\source\repos\library_project (3)\x64\debug\uic\ui_selectclass.h
c:\users\kosta\source\repos\library_project (3)\x64\debug\rcc\qrc_library_project.cpp
c:\users\kosta\source\repos\library_project (3)\x64\debug\moc\moc_library_project.cpp
c:\users\kosta\source\repos\library_project (3)\x64\debug\moc\moc_requestclass.cpp
c:\users\kosta\source\repos\library_project (3)\x64\debug\moc\moc_adloginclass.cpp
c:\users\kosta\source\repos\library_project (3)\x64\debug\moc\moc_addbookclass.cpp
c:\users\kosta\desktop\git_library\동고비\x64\debug\uic\ui_addbookclass.h
c:\users\kosta\desktop\git_library\동고비\x64\debug\uic\ui_adloginclass.h
c:\users\kosta\desktop\git_library\동고비\x64\debug\uic\ui_administratorclass.h
c:\users\kosta\desktop\git_library\동고비\x64\debug\uic\ui_bookinfoclass.h
c:\users\kosta\desktop\git_library\동고비\x64\debug\uic\ui_borrowclass.h
c:\users\kosta\desktop\git_library\동고비\x64\debug\uic\ui_deletebookclass.h
c:\users\kosta\desktop\git_library\동고비\x64\debug\uic\ui_library_project.h
c:\users\kosta\desktop\git_library\동고비\x64\debug\uic\ui_loginclass.h
c:\users\kosta\desktop\git_library\동고비\x64\debug\uic\ui_requestclass.h
c:\users\kosta\desktop\git_library\동고비\x64\debug\uic\ui_returnbookclass.h
c:\users\kosta\desktop\git_library\동고비\x64\debug\uic\ui_selectclass.h
c:\users\kosta\desktop\git_library\동고비\x64\debug\uic\ui_signupclass.h
c:\users\kosta\desktop\git_library\동고비\x64\debug\rcc\qrc_library_project.cpp
c:\users\kosta\desktop\git_library\동고비\x64\debug\moc\moc_library_project.cpp
c:\users\kosta\desktop\git_library\동고비\x64\debug\moc\moc_borrowclass.cpp
c:\users\kosta\desktop\git_library\동고비\x64\debug\moc\moc_loginclass.cpp
c:\users\kosta\desktop\git_library\동고비\x64\debug\moc\moc_selectclass.cpp
c:\users\kosta\desktop\git_library\동고비\x64\debug\moc\moc_bookinfoclass.cpp
c:\users\kosta\desktop\git_library\동고비\x64\debug\moc\moc_requestclass.cpp
c:\users\kosta\desktop\git_library\동고비\x64\debug\moc\moc_signupclass.cpp
c:\users\kosta\desktop\git_library\동고비\x64\debug\moc\moc_administratorclass.cpp
c:\users\kosta\desktop\git_library\동고비\x64\debug\moc\moc_adloginclass.cpp
c:\users\kosta\desktop\git_library\동고비\x64\debug\moc\moc_addbookclass.cpp
c:\users\kosta\desktop\git_library\동고비\x64\debug\moc\moc_deletebookclass.cpp
c:\users\kosta\desktop\git_library\동고비\x64\debug\moc\moc_returnbookclass.cpp
c:\users\kosta\source\repos\library_project (3)\x64\debug\library_project.exe
c:\users\kosta\source\repos\library_project (3)\x64\debug\library_project.ilk
c:\users\kosta\source\repos\library_project (3)\x64\debug\library_project.pdb
c:\users\kosta\desktop\git_library\동고비\x64\debug\addbookclass.obj
c:\users\kosta\desktop\git_library\동고비\x64\debug\adloginclass.obj
c:\users\kosta\desktop\git_library\동고비\x64\debug\administratorclass.obj
c:\users\kosta\desktop\git_library\동고비\x64\debug\bookinfoclass.obj
c:\users\kosta\desktop\git_library\동고비\x64\debug\borrowclass.obj
c:\users\kosta\desktop\git_library\동고비\x64\debug\deletebookclass.obj
c:\users\kosta\desktop\git_library\동고비\x64\debug\library_project.obj
c:\users\kosta\desktop\git_library\동고비\x64\debug\loginclass.obj
c:\users\kosta\desktop\git_library\동고비\x64\debug\main.obj
c:\users\kosta\desktop\git_library\동고비\x64\debug\moc_addbookclass.obj
c:\users\kosta\desktop\git_library\동고비\x64\debug\moc_adloginclass.obj
c:\users\kosta\desktop\git_library\동고비\x64\debug\moc_administratorclass.obj
c:\users\kosta\desktop\git_library\동고비\x64\debug\moc_bookinfoclass.obj
c:\users\kosta\desktop\git_library\동고비\x64\debug\moc_borrowclass.obj
c:\users\kosta\desktop\git_library\동고비\x64\debug\moc_deletebookclass.obj
c:\users\kosta\desktop\git_library\동고비\x64\debug\moc_library_project.obj
c:\users\kosta\desktop\git_library\동고비\x64\debug\moc_loginclass.obj
c:\users\kosta\desktop\git_library\동고비\x64\debug\moc_requestclass.obj
c:\users\kosta\desktop\git_library\동고비\x64\debug\moc_returnbookclass.obj
c:\users\kosta\desktop\git_library\동고비\x64\debug\moc_selectclass.obj
c:\users\kosta\desktop\git_library\동고비\x64\debug\moc_signupclass.obj
c:\users\kosta\desktop\git_library\동고비\x64\debug\qrc_library_project.obj
c:\users\kosta\desktop\git_library\동고비\x64\debug\requestclass.obj
c:\users\kosta\desktop\git_library\동고비\x64\debug\returnbookclass.obj
c:\users\kosta\desktop\git_library\동고비\x64\debug\selectclass.obj
c:\users\kosta\desktop\git_library\동고비\x64\debug\signupclass.obj
c:\users\kosta\desktop\git_library\동고비\x64\debug\library_project.ilk
c:\users\kosta\desktop\git_library\동고비\x64\debug\library_project.pdb
c:\users\kosta\desktop\git_library\동고비\x64\debug\vc143.pdb
c:\users\kosta\desktop\git_library\동고비\x64\debug\library_project.exe
c:\users\kosta\desktop\git_library\동고비\x64\debug\library_project.tlog\cl.command.1.tlog
c:\users\kosta\desktop\git_library\동고비\x64\debug\library_project.tlog\cl.read.1.tlog
c:\users\kosta\desktop\git_library\동고비\x64\debug\library_project.tlog\cl.write.1.tlog
c:\users\kosta\desktop\git_library\동고비\x64\debug\library_project.tlog\library_project.write.1u.tlog
c:\users\kosta\desktop\git_library\동고비\x64\debug\library_project.tlog\link.command.1.tlog
c:\users\kosta\desktop\git_library\동고비\x64\debug\library_project.tlog\link.read.1.tlog
c:\users\kosta\desktop\git_library\동고비\x64\debug\library_project.tlog\link.write.1.tlog
c:\users\kosta\desktop\git_library\동고비\x64\debug\library_project.tlog\moc.read.1u.tlog
c:\users\kosta\desktop\git_library\동고비\x64\debug\library_project.tlog\moc.write.1u.tlog
c:\users\kosta\desktop\git_library\동고비\x64\debug\library_project.tlog\rcc.read.1u.tlog
c:\users\kosta\desktop\git_library\동고비\x64\debug\library_project.tlog\rcc.write.1u.tlog
c:\users\kosta\desktop\git_library\동고비\x64\debug\library_project.tlog\uic.read.1u.tlog
c:\users\kosta\desktop\git_library\동고비\x64\debug\library_project.tlog\uic.write.1u.tlog
